<?xml version="1.0" encoding="UTF-8"?>
<testsuite name="com.mong.book.springboot.web.IndexControllerTest" tests="1" skipped="0" failures="0" errors="0" timestamp="2023-01-28T01:07:10" hostname="Mong-MacBookPro.local" time="0.155">
  <properties/>
  <testcase name="메인페이지_로딩" classname="com.mong.book.springboot.web.IndexControllerTest" time="0.155"/>
  <system-out><![CDATA[2023-01-28 10:07:07.155  INFO 99884 --- [    Test worker] .b.t.c.SpringBootTestContextBootstrapper : Neither @ContextConfiguration nor @ContextHierarchy found for test class [com.mong.book.springboot.web.IndexControllerTest], using SpringBootContextLoader
2023-01-28 10:07:07.156  INFO 99884 --- [    Test worker] o.s.t.c.support.AbstractContextLoader    : Could not detect default resource locations for test class [com.mong.book.springboot.web.IndexControllerTest]: no resource found for suffixes {-context.xml, Context.groovy}.
2023-01-28 10:07:07.156  INFO 99884 --- [    Test worker] t.c.s.AnnotationConfigContextLoaderUtils : Could not detect default configuration classes for test class [com.mong.book.springboot.web.IndexControllerTest]: IndexControllerTest does not declare any static, non-private, non-final, nested classes annotated with @Configuration.
2023-01-28 10:07:07.158  INFO 99884 --- [    Test worker] .b.t.c.SpringBootTestContextBootstrapper : Found @SpringBootConfiguration com.mong.book.springboot.Application for test class com.mong.book.springboot.web.IndexControllerTest
2023-01-28 10:07:07.159  INFO 99884 --- [    Test worker] .b.t.c.SpringBootTestContextBootstrapper : Loaded default TestExecutionListener class names from location [META-INF/spring.factories]: [org.springframework.security.test.context.support.WithSecurityContextTestExecutionListener, org.springframework.security.test.context.support.ReactorContextTestExecutionListener, org.springframework.boot.test.autoconfigure.restdocs.RestDocsTestExecutionListener, org.springframework.boot.test.autoconfigure.web.client.MockRestServiceServerResetTestExecutionListener, org.springframework.boot.test.autoconfigure.web.servlet.MockMvcPrintOnlyOnFailureTestExecutionListener, org.springframework.boot.test.autoconfigure.web.servlet.WebDriverTestExecutionListener, org.springframework.boot.test.mock.mockito.MockitoTestExecutionListener, org.springframework.boot.test.mock.mockito.ResetMocksTestExecutionListener, org.springframework.test.context.web.ServletTestExecutionListener, org.springframework.test.context.support.DirtiesContextBeforeModesTestExecutionListener, org.springframework.test.context.support.DependencyInjectionTestExecutionListener, org.springframework.test.context.support.DirtiesContextTestExecutionListener, org.springframework.test.context.transaction.TransactionalTestExecutionListener, org.springframework.test.context.jdbc.SqlScriptsTestExecutionListener]
2023-01-28 10:07:07.159  INFO 99884 --- [    Test worker] .b.t.c.SpringBootTestContextBootstrapper : Using TestExecutionListeners: [org.springframework.test.context.web.ServletTestExecutionListener@f299a4, org.springframework.test.context.support.DirtiesContextBeforeModesTestExecutionListener@40202194, org.springframework.boot.test.mock.mockito.MockitoTestExecutionListener@3df48a7e, org.springframework.boot.test.autoconfigure.SpringBootDependencyInjectionTestExecutionListener@2f2d5b9, org.springframework.test.context.support.DirtiesContextTestExecutionListener@165943fa, org.springframework.test.context.transaction.TransactionalTestExecutionListener@5734ec24, org.springframework.test.context.jdbc.SqlScriptsTestExecutionListener@4e8a3bc6, org.springframework.security.test.context.support.WithSecurityContextTestExecutionListener@5ac170b3, org.springframework.security.test.context.support.ReactorContextTestExecutionListener@65bae82, org.springframework.boot.test.autoconfigure.restdocs.RestDocsTestExecutionListener@76fe27a1, org.springframework.boot.test.autoconfigure.web.client.MockRestServiceServerResetTestExecutionListener@69b576b3, org.springframework.boot.test.autoconfigure.web.servlet.MockMvcPrintOnlyOnFailureTestExecutionListener@38a0d7de, org.springframework.boot.test.autoconfigure.web.servlet.WebDriverTestExecutionListener@63d441f6, org.springframework.boot.test.mock.mockito.ResetMocksTestExecutionListener@6490a102]

  .   ____          _            __ _ _
 /\\ / ___'_ __ _ _(_)_ __  __ _ \ \ \ \
( ( )\___ | '_ | '_| | '_ \/ _` | \ \ \ \
 \\/  ___)| |_)| | | | | || (_| |  ) ) ) )
  '  |____| .__|_| |_|_| |_\__, | / / / /
 =========|_|==============|___/=/_/_/_/
 :: Spring Boot ::        (v2.1.7.RELEASE)

2023-01-28 10:07:07.176  INFO 99884 --- [    Test worker] c.m.b.s.web.IndexControllerTest          : Starting IndexControllerTest on Mong-MacBookPro.local with PID 99884 (started by mong in /Users/mong/Desktop/springboot2withaws)
2023-01-28 10:07:07.177  INFO 99884 --- [    Test worker] c.m.b.s.web.IndexControllerTest          : No active profile set, falling back to default profiles: default
2023-01-28 10:07:07.381  INFO 99884 --- [    Test worker] .s.d.r.c.RepositoryConfigurationDelegate : Bootstrapping Spring Data repositories in DEFAULT mode.
2023-01-28 10:07:07.425  INFO 99884 --- [    Test worker] .s.d.r.c.RepositoryConfigurationDelegate : Finished Spring Data repository scanning in 39ms. Found 2 repository interfaces.
2023-01-28 10:07:07.564  INFO 99884 --- [    Test worker] trationDelegate$BeanPostProcessorChecker : Bean 'org.springframework.transaction.annotation.ProxyTransactionManagementConfiguration' of type [org.springframework.transaction.annotation.ProxyTransactionManagementConfiguration$$EnhancerBySpringCGLIB$$ce1ef530] is not eligible for getting processed by all BeanPostProcessors (for example: not eligible for auto-proxying)
2023-01-28 10:07:07.740  INFO 99884 --- [    Test worker] o.s.b.w.embedded.tomcat.TomcatWebServer  : Tomcat initialized with port(s): 0 (http)
2023-01-28 10:07:07.761  INFO 99884 --- [    Test worker] o.apache.catalina.core.StandardService   : Starting service [Tomcat]
2023-01-28 10:07:07.762  INFO 99884 --- [    Test worker] org.apache.catalina.core.StandardEngine  : Starting Servlet engine: [Apache Tomcat/9.0.22]
2023-01-28 10:07:07.852  INFO 99884 --- [    Test worker] o.a.c.c.C.[Tomcat].[localhost].[/]       : Initializing Spring embedded WebApplicationContext
2023-01-28 10:07:07.852  INFO 99884 --- [    Test worker] o.s.web.context.ContextLoader            : Root WebApplicationContext: initialization completed in 674 ms
2023-01-28 10:07:08.008  INFO 99884 --- [    Test worker] com.zaxxer.hikari.HikariDataSource       : HikariPool-1 - Starting...
2023-01-28 10:07:08.424  INFO 99884 --- [    Test worker] com.zaxxer.hikari.HikariDataSource       : HikariPool-1 - Start completed.
2023-01-28 10:07:08.475  INFO 99884 --- [    Test worker] o.hibernate.jpa.internal.util.LogHelper  : HHH000204: Processing PersistenceUnitInfo [
	name: default
	...]
2023-01-28 10:07:08.524  INFO 99884 --- [    Test worker] org.hibernate.Version                    : HHH000412: Hibernate Core {5.3.10.Final}
2023-01-28 10:07:08.525  INFO 99884 --- [    Test worker] org.hibernate.cfg.Environment            : HHH000206: hibernate.properties not found
2023-01-28 10:07:08.566  INFO 99884 --- [    Test worker] o.hibernate.annotations.common.Version   : HCANN000001: Hibernate Commons Annotations {5.0.4.Final}
2023-01-28 10:07:08.675  INFO 99884 --- [    Test worker] org.hibernate.dialect.Dialect            : HHH000400: Using dialect: org.hibernate.dialect.MySQL5Dialect
Hibernate: 
    
    drop table if exists posts
Hibernate: 
    
    drop table if exists user
Hibernate: 
    
    create table posts (
       id bigint not null auto_increment,
        created_date datetime,
        modified_date datetime,
        author varchar(255),
        content TEXT not null,
        title varchar(500) not null,
        primary key (id)
    ) engine=MyISAM
Hibernate: 
    
    create table user (
       id bigint not null auto_increment,
        email varchar(255) not null,
        name varchar(255) not null,
        picture varchar(255),
        role varchar(255) not null,
        primary key (id)
    ) engine=MyISAM
2023-01-28 10:07:09.102  INFO 99884 --- [    Test worker] o.h.t.schema.internal.SchemaCreatorImpl  : HHH000476: Executing import script 'org.hibernate.tool.schema.internal.exec.ScriptSourceInputNonExistentImpl@a04b7ed'
2023-01-28 10:07:09.103  INFO 99884 --- [    Test worker] j.LocalContainerEntityManagerFactoryBean : Initialized JPA EntityManagerFactory for persistence unit 'default'
2023-01-28 10:07:09.466  INFO 99884 --- [    Test worker] o.h.h.i.QueryTranslatorFactoryInitiator  : HHH000397: Using ASTQueryTranslatorFactory
2023-01-28 10:07:09.692  INFO 99884 --- [    Test worker] o.s.s.web.DefaultSecurityFilterChain     : Creating filter chain: any request, [org.springframework.security.web.context.request.async.WebAsyncManagerIntegrationFilter@23cfffd1, org.springframework.security.web.context.SecurityContextPersistenceFilter@77ec70ab, org.springframework.security.web.header.HeaderWriterFilter@6451829e, org.springframework.security.web.authentication.logout.LogoutFilter@10e4a1f8, org.springframework.security.oauth2.client.web.OAuth2AuthorizationRequestRedirectFilter@6ab5efe8, org.springframework.security.oauth2.client.web.OAuth2LoginAuthenticationFilter@44a92424, org.springframework.security.web.authentication.ui.DefaultLoginPageGeneratingFilter@499e0e8, org.springframework.security.web.authentication.ui.DefaultLogoutPageGeneratingFilter@7a57396c, org.springframework.security.web.savedrequest.RequestCacheAwareFilter@62e85fef, org.springframework.security.web.servletapi.SecurityContextHolderAwareRequestFilter@a45745e, org.springframework.security.web.authentication.AnonymousAuthenticationFilter@3d3911d4, org.springframework.security.web.session.SessionManagementFilter@72af8fb9, org.springframework.security.web.access.ExceptionTranslationFilter@1a51f809, org.springframework.security.web.access.intercept.FilterSecurityInterceptor@616904f9]
2023-01-28 10:07:09.830  INFO 99884 --- [    Test worker] o.s.s.concurrent.ThreadPoolTaskExecutor  : Initializing ExecutorService 'applicationTaskExecutor'
2023-01-28 10:07:09.843  WARN 99884 --- [    Test worker] aWebConfiguration$JpaWebMvcConfiguration : spring.jpa.open-in-view is enabled by default. Therefore, database queries may be performed during view rendering. Explicitly configure spring.jpa.open-in-view to disable this warning
2023-01-28 10:07:09.868  INFO 99884 --- [    Test worker] o.s.b.a.w.s.WelcomePageHandlerMapping    : Adding welcome page template: index
2023-01-28 10:07:10.044  INFO 99884 --- [    Test worker] o.s.b.w.embedded.tomcat.TomcatWebServer  : Tomcat started on port(s): 65391 (http) with context path ''
2023-01-28 10:07:10.044  INFO 99884 --- [    Test worker] c.m.b.s.web.IndexControllerTest          : Started IndexControllerTest in 2.884 seconds (JVM running for 5.629)
2023-01-28 10:07:10.106  INFO 99884 --- [o-auto-1-exec-1] o.a.c.c.C.[Tomcat].[localhost].[/]       : Initializing Spring DispatcherServlet 'dispatcherServlet'
2023-01-28 10:07:10.106  INFO 99884 --- [o-auto-1-exec-1] o.s.web.servlet.DispatcherServlet        : Initializing Servlet 'dispatcherServlet'
2023-01-28 10:07:10.117  INFO 99884 --- [o-auto-1-exec-1] o.s.web.servlet.DispatcherServlet        : Completed initialization in 11 ms
Hibernate: 
    select
        posts0_.id as id1_0_,
        posts0_.created_date as created_2_0_,
        posts0_.modified_date as modified3_0_,
        posts0_.author as author4_0_,
        posts0_.content as content5_0_,
        posts0_.title as title6_0_ 
    from
        posts posts0_ 
    order by
        posts0_.id DESC
body = <!DOCTYPE HTML>
<html>
<head>
    <title>스프링부트 웹서비스</title>
    <meta http-equiv="Content-Type" content="text/html; charset=UTF-8" />

    <link rel="stylesheet" href="https://stackpath.bootstrapcdn.com/bootstrap/4.3.1/css/bootstrap.min.css">
</head>
<body>

<h1>스프링부트로 시작하는 웹 서비스 Ver.2</h1>
<div class="col-md-12">
    <div class="row">
        <div class="col-md-6">
            <a href="/posts/save" role="button" class="btn btn-primary">글 등록</a>
                <a href="/oauth2/authorization/google" class="btn btn-success active" role="button">Google Login</a>
                <a href="/oauth2/authorization/naver" class="btn btn-secondary active" role="button">Naver Login</a>
        </div>
    </div>
    <br>
    <!-- 목록 출력 영역 -->
    <table class="table table-horizontal table-bordered">
        <thead class="thead-strong">
        <tr>
            <th>게시글번호</th>
            <th>제목</th>
            <th>작성자</th>
            <th>최종수정일</th>
        </tr>
        </thead>
        <tbody id="tbody">
        </tbody>
    </table>
</div>

<script src="https://code.jquery.com/jquery-3.3.1.min.js"></script>
<script src="https://stackpath.bootstrapcdn.com/bootstrap/4.3.1/js/bootstrap.min.js"></script>

<!--index.js 추가-->
<script src="/js/app/index.js"></script>
</body>
</html>
]]></system-out>
  <system-err><![CDATA[]]></system-err>
</testsuite>
