<?xml version="1.0" encoding="UTF-8"?>
<testsuite name="com.mong.book.springboot.web.HelloControllerTest" tests="2" skipped="0" failures="0" errors="0" timestamp="2023-02-13T06:31:51" hostname="Mong-MacBookPro.local" time="0.278">
  <properties/>
  <testcase name="hello가_리턴되다()" classname="com.mong.book.springboot.web.HelloControllerTest" time="0.209"/>
  <testcase name="helloDto가_리턴된다()" classname="com.mong.book.springboot.web.HelloControllerTest" time="0.069"/>
  <system-out><![CDATA[15:31:49.216 [Test worker] DEBUG org.springframework.test.context.BootstrapUtils - Instantiating CacheAwareContextLoaderDelegate from class [org.springframework.test.context.cache.DefaultCacheAwareContextLoaderDelegate]
15:31:49.226 [Test worker] DEBUG org.springframework.test.context.BootstrapUtils - Instantiating BootstrapContext using constructor [public org.springframework.test.context.support.DefaultBootstrapContext(java.lang.Class,org.springframework.test.context.CacheAwareContextLoaderDelegate)]
15:31:49.269 [Test worker] DEBUG org.springframework.test.context.BootstrapUtils - Instantiating TestContextBootstrapper for test class [com.mong.book.springboot.web.HelloControllerTest] from class [org.springframework.boot.test.autoconfigure.web.servlet.WebMvcTestContextBootstrapper]
15:31:49.279 [Test worker] INFO org.springframework.boot.test.autoconfigure.web.servlet.WebMvcTestContextBootstrapper - Neither @ContextConfiguration nor @ContextHierarchy found for test class [com.mong.book.springboot.web.HelloControllerTest], using SpringBootContextLoader
15:31:49.282 [Test worker] DEBUG org.springframework.test.context.support.AbstractContextLoader - Did not detect default resource location for test class [com.mong.book.springboot.web.HelloControllerTest]: class path resource [com/mong/book/springboot/web/HelloControllerTest-context.xml] does not exist
15:31:49.282 [Test worker] DEBUG org.springframework.test.context.support.AbstractContextLoader - Did not detect default resource location for test class [com.mong.book.springboot.web.HelloControllerTest]: class path resource [com/mong/book/springboot/web/HelloControllerTestContext.groovy] does not exist
15:31:49.283 [Test worker] INFO org.springframework.test.context.support.AbstractContextLoader - Could not detect default resource locations for test class [com.mong.book.springboot.web.HelloControllerTest]: no resource found for suffixes {-context.xml, Context.groovy}.
15:31:49.283 [Test worker] INFO org.springframework.test.context.support.AnnotationConfigContextLoaderUtils - Could not detect default configuration classes for test class [com.mong.book.springboot.web.HelloControllerTest]: HelloControllerTest does not declare any static, non-private, non-final, nested classes annotated with @Configuration.
15:31:49.339 [Test worker] DEBUG org.springframework.test.context.support.ActiveProfilesUtils - Could not find an 'annotation declaring class' for annotation type [org.springframework.test.context.ActiveProfiles] and class [com.mong.book.springboot.web.HelloControllerTest]
15:31:49.395 [Test worker] DEBUG org.springframework.context.annotation.ClassPathScanningCandidateComponentProvider - Identified candidate component class: file [/Users/mong/Desktop/springboot2withaws/build/classes/java/main/com/mong/book/springboot/Application.class]
15:31:49.398 [Test worker] INFO org.springframework.boot.test.context.SpringBootTestContextBootstrapper - Found @SpringBootConfiguration com.mong.book.springboot.Application for test class com.mong.book.springboot.web.HelloControllerTest
15:31:49.401 [Test worker] DEBUG org.springframework.boot.test.autoconfigure.web.servlet.WebMvcTestContextBootstrapper - @TestExecutionListeners is not present for class [com.mong.book.springboot.web.HelloControllerTest]: using defaults.
15:31:49.402 [Test worker] INFO org.springframework.boot.test.autoconfigure.web.servlet.WebMvcTestContextBootstrapper - Loaded default TestExecutionListener class names from location [META-INF/spring.factories]: [org.springframework.security.test.context.support.WithSecurityContextTestExecutionListener, org.springframework.security.test.context.support.ReactorContextTestExecutionListener, org.springframework.boot.test.autoconfigure.restdocs.RestDocsTestExecutionListener, org.springframework.boot.test.autoconfigure.web.client.MockRestServiceServerResetTestExecutionListener, org.springframework.boot.test.autoconfigure.web.servlet.MockMvcPrintOnlyOnFailureTestExecutionListener, org.springframework.boot.test.autoconfigure.web.servlet.WebDriverTestExecutionListener, org.springframework.boot.test.autoconfigure.webservices.client.MockWebServiceServerTestExecutionListener, org.springframework.boot.test.mock.mockito.MockitoTestExecutionListener, org.springframework.boot.test.mock.mockito.ResetMocksTestExecutionListener, org.springframework.test.context.web.ServletTestExecutionListener, org.springframework.test.context.support.DirtiesContextBeforeModesTestExecutionListener, org.springframework.test.context.support.DependencyInjectionTestExecutionListener, org.springframework.test.context.support.DirtiesContextTestExecutionListener, org.springframework.test.context.transaction.TransactionalTestExecutionListener, org.springframework.test.context.jdbc.SqlScriptsTestExecutionListener, org.springframework.test.context.event.EventPublishingTestExecutionListener]
15:31:49.417 [Test worker] INFO org.springframework.boot.test.autoconfigure.web.servlet.WebMvcTestContextBootstrapper - Using TestExecutionListeners: [org.springframework.test.context.web.ServletTestExecutionListener@7759b59f, org.springframework.test.context.support.DirtiesContextBeforeModesTestExecutionListener@10178ee3, org.springframework.boot.test.mock.mockito.MockitoTestExecutionListener@24f925a, org.springframework.boot.test.autoconfigure.SpringBootDependencyInjectionTestExecutionListener@2bf5d529, org.springframework.test.context.support.DirtiesContextTestExecutionListener@11ba7885, org.springframework.test.context.transaction.TransactionalTestExecutionListener@3d768cc7, org.springframework.test.context.jdbc.SqlScriptsTestExecutionListener@43550471, org.springframework.security.test.context.support.WithSecurityContextTestExecutionListener@460ccdaf, org.springframework.test.context.event.EventPublishingTestExecutionListener@4b0ebbb, org.springframework.security.test.context.support.ReactorContextTestExecutionListener@da95f5e, org.springframework.boot.test.autoconfigure.restdocs.RestDocsTestExecutionListener@6634b416, org.springframework.boot.test.autoconfigure.web.client.MockRestServiceServerResetTestExecutionListener@46756cca, org.springframework.boot.test.autoconfigure.web.servlet.MockMvcPrintOnlyOnFailureTestExecutionListener@459bba8c, org.springframework.boot.test.autoconfigure.web.servlet.WebDriverTestExecutionListener@20f4ece, org.springframework.boot.test.autoconfigure.webservices.client.MockWebServiceServerTestExecutionListener@4158ce9d, org.springframework.boot.test.mock.mockito.ResetMocksTestExecutionListener@2ca6e940]
15:31:49.420 [Test worker] DEBUG org.springframework.test.context.support.AbstractDirtiesContextTestExecutionListener - Before test class: context [DefaultTestContext@68213938 testClass = HelloControllerTest, testInstance = [null], testMethod = [null], testException = [null], mergedContextConfiguration = [WebMergedContextConfiguration@5f689e07 testClass = HelloControllerTest, locations = '{}', classes = '{class com.mong.book.springboot.Application}', contextInitializerClasses = '[]', activeProfiles = '{}', propertySourceLocations = '{}', propertySourceProperties = '{org.springframework.boot.test.autoconfigure.web.servlet.WebMvcTestContextBootstrapper=true}', contextCustomizers = set[org.springframework.boot.test.autoconfigure.OverrideAutoConfigurationContextCustomizerFactory$DisableAutoConfigurationContextCustomizer@7282fef0, org.springframework.boot.test.autoconfigure.actuate.metrics.MetricsExportContextCustomizerFactory$DisableMetricExportContextCustomizer@143e9e6e, org.springframework.boot.test.autoconfigure.filter.TypeExcludeFiltersContextCustomizer@bebc7967, org.springframework.boot.test.autoconfigure.properties.PropertyMappingContextCustomizer@3e38111f, org.springframework.boot.test.autoconfigure.web.servlet.WebDriverContextCustomizerFactory$Customizer@5a4bb0af, [ImportsContextCustomizer@751c2f1b key = [org.springframework.boot.autoconfigure.cache.CacheAutoConfiguration, org.springframework.boot.autoconfigure.context.MessageSourceAutoConfiguration, org.springframework.boot.autoconfigure.data.web.SpringDataWebAutoConfiguration, org.springframework.boot.autoconfigure.freemarker.FreeMarkerAutoConfiguration, org.springframework.boot.autoconfigure.groovy.template.GroovyTemplateAutoConfiguration, org.springframework.boot.autoconfigure.gson.GsonAutoConfiguration, org.springframework.boot.autoconfigure.hateoas.HypermediaAutoConfiguration, org.springframework.boot.autoconfigure.http.HttpMessageConvertersAutoConfiguration, org.springframework.boot.autoconfigure.jackson.JacksonAutoConfiguration, org.springframework.boot.autoconfigure.jsonb.JsonbAutoConfiguration, org.springframework.boot.autoconfigure.mustache.MustacheAutoConfiguration, org.springframework.boot.autoconfigure.task.TaskExecutionAutoConfiguration, org.springframework.boot.autoconfigure.thymeleaf.ThymeleafAutoConfiguration, org.springframework.boot.autoconfigure.validation.ValidationAutoConfiguration, org.springframework.boot.autoconfigure.web.servlet.error.ErrorMvcAutoConfiguration, org.springframework.boot.autoconfigure.web.servlet.HttpEncodingAutoConfiguration, org.springframework.boot.autoconfigure.web.servlet.WebMvcAutoConfiguration, org.springframework.boot.test.autoconfigure.web.servlet.MockMvcAutoConfiguration, org.springframework.boot.test.autoconfigure.web.servlet.MockMvcWebClientAutoConfiguration, org.springframework.boot.test.autoconfigure.web.servlet.MockMvcWebDriverAutoConfiguration, org.springframework.boot.autoconfigure.security.oauth2.client.servlet.OAuth2ClientAutoConfiguration, org.springframework.boot.autoconfigure.security.oauth2.resource.servlet.OAuth2ResourceServerAutoConfiguration, org.springframework.boot.autoconfigure.security.servlet.SecurityAutoConfiguration, org.springframework.boot.autoconfigure.security.servlet.SecurityFilterAutoConfiguration, org.springframework.boot.autoconfigure.security.servlet.UserDetailsServiceAutoConfiguration, org.springframework.boot.test.autoconfigure.web.servlet.MockMvcSecurityConfiguration]], org.springframework.boot.test.context.filter.ExcludeFilterContextCustomizer@65f51e34, org.springframework.boot.test.json.DuplicateJsonObjectContextCustomizerFactory$DuplicateJsonObjectContextCustomizer@66687226, org.springframework.boot.test.mock.mockito.MockitoContextCustomizer@0, org.springframework.boot.test.context.SpringBootTestArgs@1, org.springframework.boot.test.context.SpringBootTestWebEnvironment@0], resourceBasePath = 'src/main/webapp', contextLoader = 'org.springframework.boot.test.context.SpringBootContextLoader', parent = [null]], attributes = map[[empty]]], class annotated with @DirtiesContext [false] with mode [null].
15:31:49.425 [Test worker] DEBUG org.springframework.test.context.support.DependencyInjectionTestExecutionListener - Performing dependency injection for test context [[DefaultTestContext@68213938 testClass = HelloControllerTest, testInstance = com.mong.book.springboot.web.HelloControllerTest@647598c5, testMethod = [null], testException = [null], mergedContextConfiguration = [WebMergedContextConfiguration@5f689e07 testClass = HelloControllerTest, locations = '{}', classes = '{class com.mong.book.springboot.Application}', contextInitializerClasses = '[]', activeProfiles = '{}', propertySourceLocations = '{}', propertySourceProperties = '{org.springframework.boot.test.autoconfigure.web.servlet.WebMvcTestContextBootstrapper=true}', contextCustomizers = set[org.springframework.boot.test.autoconfigure.OverrideAutoConfigurationContextCustomizerFactory$DisableAutoConfigurationContextCustomizer@7282fef0, org.springframework.boot.test.autoconfigure.actuate.metrics.MetricsExportContextCustomizerFactory$DisableMetricExportContextCustomizer@143e9e6e, org.springframework.boot.test.autoconfigure.filter.TypeExcludeFiltersContextCustomizer@bebc7967, org.springframework.boot.test.autoconfigure.properties.PropertyMappingContextCustomizer@3e38111f, org.springframework.boot.test.autoconfigure.web.servlet.WebDriverContextCustomizerFactory$Customizer@5a4bb0af, [ImportsContextCustomizer@751c2f1b key = [org.springframework.boot.autoconfigure.cache.CacheAutoConfiguration, org.springframework.boot.autoconfigure.context.MessageSourceAutoConfiguration, org.springframework.boot.autoconfigure.data.web.SpringDataWebAutoConfiguration, org.springframework.boot.autoconfigure.freemarker.FreeMarkerAutoConfiguration, org.springframework.boot.autoconfigure.groovy.template.GroovyTemplateAutoConfiguration, org.springframework.boot.autoconfigure.gson.GsonAutoConfiguration, org.springframework.boot.autoconfigure.hateoas.HypermediaAutoConfiguration, org.springframework.boot.autoconfigure.http.HttpMessageConvertersAutoConfiguration, org.springframework.boot.autoconfigure.jackson.JacksonAutoConfiguration, org.springframework.boot.autoconfigure.jsonb.JsonbAutoConfiguration, org.springframework.boot.autoconfigure.mustache.MustacheAutoConfiguration, org.springframework.boot.autoconfigure.task.TaskExecutionAutoConfiguration, org.springframework.boot.autoconfigure.thymeleaf.ThymeleafAutoConfiguration, org.springframework.boot.autoconfigure.validation.ValidationAutoConfiguration, org.springframework.boot.autoconfigure.web.servlet.error.ErrorMvcAutoConfiguration, org.springframework.boot.autoconfigure.web.servlet.HttpEncodingAutoConfiguration, org.springframework.boot.autoconfigure.web.servlet.WebMvcAutoConfiguration, org.springframework.boot.test.autoconfigure.web.servlet.MockMvcAutoConfiguration, org.springframework.boot.test.autoconfigure.web.servlet.MockMvcWebClientAutoConfiguration, org.springframework.boot.test.autoconfigure.web.servlet.MockMvcWebDriverAutoConfiguration, org.springframework.boot.autoconfigure.security.oauth2.client.servlet.OAuth2ClientAutoConfiguration, org.springframework.boot.autoconfigure.security.oauth2.resource.servlet.OAuth2ResourceServerAutoConfiguration, org.springframework.boot.autoconfigure.security.servlet.SecurityAutoConfiguration, org.springframework.boot.autoconfigure.security.servlet.SecurityFilterAutoConfiguration, org.springframework.boot.autoconfigure.security.servlet.UserDetailsServiceAutoConfiguration, org.springframework.boot.test.autoconfigure.web.servlet.MockMvcSecurityConfiguration]], org.springframework.boot.test.context.filter.ExcludeFilterContextCustomizer@65f51e34, org.springframework.boot.test.json.DuplicateJsonObjectContextCustomizerFactory$DuplicateJsonObjectContextCustomizer@66687226, org.springframework.boot.test.mock.mockito.MockitoContextCustomizer@0, org.springframework.boot.test.context.SpringBootTestArgs@1, org.springframework.boot.test.context.SpringBootTestWebEnvironment@0], resourceBasePath = 'src/main/webapp', contextLoader = 'org.springframework.boot.test.context.SpringBootContextLoader', parent = [null]], attributes = map[[empty]]]].
15:31:49.444 [Test worker] DEBUG org.springframework.test.context.support.TestPropertySourceUtils - Adding inlined properties to environment: {spring.jmx.enabled=false, org.springframework.boot.test.autoconfigure.web.servlet.WebMvcTestContextBootstrapper=true}

  .   ____          _            __ _ _
 /\\ / ___'_ __ _ _(_)_ __  __ _ \ \ \ \
( ( )\___ | '_ | '_| | '_ \/ _` | \ \ \ \
 \\/  ___)| |_)| | | | | || (_| |  ) ) ) )
  '  |____| .__|_| |_|_| |_\__, | / / / /
 =========|_|==============|___/=/_/_/_/
 :: Spring Boot ::                (v2.4.1)

2023-02-13 15:31:49.913  INFO 19628 --- [    Test worker] c.m.b.s.web.HelloControllerTest          : Starting HelloControllerTest using Java 1.8.0_361 on Mong-MacBookPro.local with PID 19628 (started by mong in /Users/mong/Desktop/springboot2withaws)
2023-02-13 15:31:49.916  INFO 19628 --- [    Test worker] c.m.b.s.web.HelloControllerTest          : No active profile set, falling back to default profiles: default
2023-02-13 15:31:50.808  INFO 19628 --- [    Test worker] o.s.s.concurrent.ThreadPoolTaskExecutor  : Initializing ExecutorService 'applicationTaskExecutor'
2023-02-13 15:31:50.893  INFO 19628 --- [    Test worker] o.s.b.a.w.s.WelcomePageHandlerMapping    : Adding welcome page template: index
2023-02-13 15:31:51.321  INFO 19628 --- [    Test worker] o.s.s.web.DefaultSecurityFilterChain     : Will secure any request with [org.springframework.security.web.context.request.async.WebAsyncManagerIntegrationFilter@49f39606, org.springframework.security.web.context.SecurityContextPersistenceFilter@16a57888, org.springframework.security.web.header.HeaderWriterFilter@58fde36f, org.springframework.security.web.csrf.CsrfFilter@38dfaaf2, org.springframework.security.web.authentication.logout.LogoutFilter@61d3acfd, org.springframework.security.oauth2.client.web.OAuth2AuthorizationRequestRedirectFilter@317c00fa, org.springframework.security.oauth2.client.web.OAuth2AuthorizationRequestRedirectFilter@fde3e11, org.springframework.security.oauth2.client.web.OAuth2LoginAuthenticationFilter@3e4d098e, org.springframework.security.web.authentication.ui.DefaultLoginPageGeneratingFilter@4dd1a8fb, org.springframework.security.web.authentication.ui.DefaultLogoutPageGeneratingFilter@3b513dae, org.springframework.security.web.savedrequest.RequestCacheAwareFilter@5c860b21, org.springframework.security.web.servletapi.SecurityContextHolderAwareRequestFilter@7cc0a748, org.springframework.security.web.authentication.AnonymousAuthenticationFilter@79674dd, org.springframework.security.oauth2.client.web.OAuth2AuthorizationCodeGrantFilter@2a52c53c, org.springframework.security.web.session.SessionManagementFilter@7aea5db7, org.springframework.security.web.access.ExceptionTranslationFilter@76d80deb, org.springframework.security.web.access.intercept.FilterSecurityInterceptor@3b737c77]
2023-02-13 15:31:51.401  INFO 19628 --- [    Test worker] o.s.b.t.m.w.SpringBootMockServletContext : Initializing Spring TestDispatcherServlet ''
2023-02-13 15:31:51.401  INFO 19628 --- [    Test worker] o.s.t.web.servlet.TestDispatcherServlet  : Initializing Servlet ''
2023-02-13 15:31:51.402  INFO 19628 --- [    Test worker] o.s.t.web.servlet.TestDispatcherServlet  : Completed initialization in 1 ms
2023-02-13 15:31:51.426  INFO 19628 --- [    Test worker] c.m.b.s.web.HelloControllerTest          : Started HelloControllerTest in 1.977 seconds (JVM running for 3.078)
]]></system-out>
  <system-err><![CDATA[]]></system-err>
</testsuite>
