<?xml version="1.0" encoding="UTF-8"?>
<testsuite name="com.mong.book.springboot.web.PostsApiControllerTest" tests="1" skipped="0" failures="0" errors="0" timestamp="2022-10-20T08:12:37" hostname="Mong-MacBookPro.local" time="0.428">
  <properties/>
  <testcase name="Posts_등록" classname="com.mong.book.springboot.web.PostsApiControllerTest" time="0.428"/>
  <system-out><![CDATA[17:12:33.694 [Test worker] DEBUG org.springframework.test.context.junit4.SpringJUnit4ClassRunner - SpringJUnit4ClassRunner constructor called with [class com.mong.book.springboot.web.PostsApiControllerTest]
17:12:33.699 [Test worker] DEBUG org.springframework.test.context.BootstrapUtils - Instantiating CacheAwareContextLoaderDelegate from class [org.springframework.test.context.cache.DefaultCacheAwareContextLoaderDelegate]
17:12:33.704 [Test worker] DEBUG org.springframework.test.context.BootstrapUtils - Instantiating BootstrapContext using constructor [public org.springframework.test.context.support.DefaultBootstrapContext(java.lang.Class,org.springframework.test.context.CacheAwareContextLoaderDelegate)]
17:12:33.717 [Test worker] DEBUG org.springframework.test.context.BootstrapUtils - Instantiating TestContextBootstrapper for test class [com.mong.book.springboot.web.PostsApiControllerTest] from class [org.springframework.boot.test.context.SpringBootTestContextBootstrapper]
17:12:33.723 [Test worker] INFO org.springframework.boot.test.context.SpringBootTestContextBootstrapper - Neither @ContextConfiguration nor @ContextHierarchy found for test class [com.mong.book.springboot.web.PostsApiControllerTest], using SpringBootContextLoader
17:12:33.725 [Test worker] DEBUG org.springframework.test.context.support.AbstractContextLoader - Did not detect default resource location for test class [com.mong.book.springboot.web.PostsApiControllerTest]: class path resource [com/mong/book/springboot/web/PostsApiControllerTest-context.xml] does not exist
17:12:33.726 [Test worker] DEBUG org.springframework.test.context.support.AbstractContextLoader - Did not detect default resource location for test class [com.mong.book.springboot.web.PostsApiControllerTest]: class path resource [com/mong/book/springboot/web/PostsApiControllerTestContext.groovy] does not exist
17:12:33.726 [Test worker] INFO org.springframework.test.context.support.AbstractContextLoader - Could not detect default resource locations for test class [com.mong.book.springboot.web.PostsApiControllerTest]: no resource found for suffixes {-context.xml, Context.groovy}.
17:12:33.726 [Test worker] INFO org.springframework.test.context.support.AnnotationConfigContextLoaderUtils - Could not detect default configuration classes for test class [com.mong.book.springboot.web.PostsApiControllerTest]: PostsApiControllerTest does not declare any static, non-private, non-final, nested classes annotated with @Configuration.
17:12:33.752 [Test worker] DEBUG org.springframework.test.context.support.ActiveProfilesUtils - Could not find an 'annotation declaring class' for annotation type [org.springframework.test.context.ActiveProfiles] and class [com.mong.book.springboot.web.PostsApiControllerTest]
17:12:33.819 [Test worker] DEBUG org.springframework.context.annotation.ClassPathScanningCandidateComponentProvider - Identified candidate component class: file [/Users/mong/Desktop/springboot2withaws/build/classes/java/main/com/mong/book/springboot/Application.class]
17:12:33.819 [Test worker] INFO org.springframework.boot.test.context.SpringBootTestContextBootstrapper - Found @SpringBootConfiguration com.mong.book.springboot.Application for test class com.mong.book.springboot.web.PostsApiControllerTest
17:12:33.879 [Test worker] DEBUG org.springframework.boot.test.context.SpringBootTestContextBootstrapper - @TestExecutionListeners is not present for class [com.mong.book.springboot.web.PostsApiControllerTest]: using defaults.
17:12:33.880 [Test worker] INFO org.springframework.boot.test.context.SpringBootTestContextBootstrapper - Loaded default TestExecutionListener class names from location [META-INF/spring.factories]: [org.springframework.boot.test.autoconfigure.restdocs.RestDocsTestExecutionListener, org.springframework.boot.test.autoconfigure.web.client.MockRestServiceServerResetTestExecutionListener, org.springframework.boot.test.autoconfigure.web.servlet.MockMvcPrintOnlyOnFailureTestExecutionListener, org.springframework.boot.test.autoconfigure.web.servlet.WebDriverTestExecutionListener, org.springframework.boot.test.mock.mockito.MockitoTestExecutionListener, org.springframework.boot.test.mock.mockito.ResetMocksTestExecutionListener, org.springframework.test.context.web.ServletTestExecutionListener, org.springframework.test.context.support.DirtiesContextBeforeModesTestExecutionListener, org.springframework.test.context.support.DependencyInjectionTestExecutionListener, org.springframework.test.context.support.DirtiesContextTestExecutionListener, org.springframework.test.context.transaction.TransactionalTestExecutionListener, org.springframework.test.context.jdbc.SqlScriptsTestExecutionListener]
17:12:33.891 [Test worker] INFO org.springframework.boot.test.context.SpringBootTestContextBootstrapper - Using TestExecutionListeners: [org.springframework.test.context.web.ServletTestExecutionListener@4d3d910d, org.springframework.test.context.support.DirtiesContextBeforeModesTestExecutionListener@3e36dff6, org.springframework.boot.test.mock.mockito.MockitoTestExecutionListener@33eb6bc8, org.springframework.boot.test.autoconfigure.SpringBootDependencyInjectionTestExecutionListener@1b5295a6, org.springframework.test.context.support.DirtiesContextTestExecutionListener@3ac6ca38, org.springframework.test.context.transaction.TransactionalTestExecutionListener@32077bf9, org.springframework.test.context.jdbc.SqlScriptsTestExecutionListener@5adaf35a, org.springframework.boot.test.autoconfigure.restdocs.RestDocsTestExecutionListener@552ab202, org.springframework.boot.test.autoconfigure.web.client.MockRestServiceServerResetTestExecutionListener@59313595, org.springframework.boot.test.autoconfigure.web.servlet.MockMvcPrintOnlyOnFailureTestExecutionListener@506055f9, org.springframework.boot.test.autoconfigure.web.servlet.WebDriverTestExecutionListener@5d2d2c8c, org.springframework.boot.test.mock.mockito.ResetMocksTestExecutionListener@5d172f89]
17:12:33.893 [Test worker] DEBUG org.springframework.test.annotation.ProfileValueUtils - Retrieved @ProfileValueSourceConfiguration [null] for test class [com.mong.book.springboot.web.PostsApiControllerTest]
17:12:33.894 [Test worker] DEBUG org.springframework.test.annotation.ProfileValueUtils - Retrieved ProfileValueSource type [class org.springframework.test.annotation.SystemProfileValueSource] for class [com.mong.book.springboot.web.PostsApiControllerTest]
17:12:33.896 [Test worker] DEBUG org.springframework.test.annotation.ProfileValueUtils - Retrieved @ProfileValueSourceConfiguration [null] for test class [com.mong.book.springboot.web.PostsApiControllerTest]
17:12:33.896 [Test worker] DEBUG org.springframework.test.annotation.ProfileValueUtils - Retrieved ProfileValueSource type [class org.springframework.test.annotation.SystemProfileValueSource] for class [com.mong.book.springboot.web.PostsApiControllerTest]
17:12:33.896 [Test worker] DEBUG org.springframework.test.annotation.ProfileValueUtils - Retrieved @ProfileValueSourceConfiguration [null] for test class [com.mong.book.springboot.web.PostsApiControllerTest]
17:12:33.896 [Test worker] DEBUG org.springframework.test.annotation.ProfileValueUtils - Retrieved ProfileValueSource type [class org.springframework.test.annotation.SystemProfileValueSource] for class [com.mong.book.springboot.web.PostsApiControllerTest]
17:12:33.899 [Test worker] DEBUG org.springframework.test.context.support.AbstractDirtiesContextTestExecutionListener - Before test class: context [DefaultTestContext@19d5e5ac testClass = PostsApiControllerTest, testInstance = [null], testMethod = [null], testException = [null], mergedContextConfiguration = [WebMergedContextConfiguration@52ba4570 testClass = PostsApiControllerTest, locations = '{}', classes = '{class com.mong.book.springboot.Application}', contextInitializerClasses = '[]', activeProfiles = '{}', propertySourceLocations = '{}', propertySourceProperties = '{org.springframework.boot.test.context.SpringBootTestContextBootstrapper=true, server.port=0}', contextCustomizers = set[org.springframework.boot.test.autoconfigure.properties.PropertyMappingContextCustomizer@0, org.springframework.boot.test.autoconfigure.web.servlet.WebDriverContextCustomizerFactory$Customizer@6fad0ef, org.springframework.boot.test.context.filter.ExcludeFilterContextCustomizer@685430e2, org.springframework.boot.test.json.DuplicateJsonObjectContextCustomizerFactory$DuplicateJsonObjectContextCustomizer@772cda30, org.springframework.boot.test.mock.mockito.MockitoContextCustomizer@0, org.springframework.boot.test.web.client.TestRestTemplateContextCustomizer@62e0a4a2], resourceBasePath = 'src/main/webapp', contextLoader = 'org.springframework.boot.test.context.SpringBootContextLoader', parent = [null]], attributes = map['org.springframework.test.context.web.ServletTestExecutionListener.activateListener' -> false]], class annotated with @DirtiesContext [false] with mode [null].
17:12:33.899 [Test worker] DEBUG org.springframework.test.annotation.ProfileValueUtils - Retrieved @ProfileValueSourceConfiguration [null] for test class [com.mong.book.springboot.web.PostsApiControllerTest]
17:12:33.899 [Test worker] DEBUG org.springframework.test.annotation.ProfileValueUtils - Retrieved ProfileValueSource type [class org.springframework.test.annotation.SystemProfileValueSource] for class [com.mong.book.springboot.web.PostsApiControllerTest]
17:12:33.902 [Test worker] DEBUG org.springframework.test.context.support.DependencyInjectionTestExecutionListener - Performing dependency injection for test context [[DefaultTestContext@19d5e5ac testClass = PostsApiControllerTest, testInstance = com.mong.book.springboot.web.PostsApiControllerTest@2814c4eb, testMethod = [null], testException = [null], mergedContextConfiguration = [WebMergedContextConfiguration@52ba4570 testClass = PostsApiControllerTest, locations = '{}', classes = '{class com.mong.book.springboot.Application}', contextInitializerClasses = '[]', activeProfiles = '{}', propertySourceLocations = '{}', propertySourceProperties = '{org.springframework.boot.test.context.SpringBootTestContextBootstrapper=true, server.port=0}', contextCustomizers = set[org.springframework.boot.test.autoconfigure.properties.PropertyMappingContextCustomizer@0, org.springframework.boot.test.autoconfigure.web.servlet.WebDriverContextCustomizerFactory$Customizer@6fad0ef, org.springframework.boot.test.context.filter.ExcludeFilterContextCustomizer@685430e2, org.springframework.boot.test.json.DuplicateJsonObjectContextCustomizerFactory$DuplicateJsonObjectContextCustomizer@772cda30, org.springframework.boot.test.mock.mockito.MockitoContextCustomizer@0, org.springframework.boot.test.web.client.TestRestTemplateContextCustomizer@62e0a4a2], resourceBasePath = 'src/main/webapp', contextLoader = 'org.springframework.boot.test.context.SpringBootContextLoader', parent = [null]], attributes = map['org.springframework.test.context.web.ServletTestExecutionListener.activateListener' -> false]]].
17:12:33.921 [Test worker] DEBUG org.springframework.test.context.support.TestPropertySourceUtils - Adding inlined properties to environment: {spring.jmx.enabled=false, org.springframework.boot.test.context.SpringBootTestContextBootstrapper=true, server.port=0}

  .   ____          _            __ _ _
 /\\ / ___'_ __ _ _(_)_ __  __ _ \ \ \ \
( ( )\___ | '_ | '_| | '_ \/ _` | \ \ \ \
 \\/  ___)| |_)| | | | | || (_| |  ) ) ) )
  '  |____| .__|_| |_|_| |_\__, | / / / /
 =========|_|==============|___/=/_/_/_/
 :: Spring Boot ::        (v2.1.7.RELEASE)

2022-10-20 17:12:34.074  INFO 7770 --- [    Test worker] c.m.b.s.web.PostsApiControllerTest       : Starting PostsApiControllerTest on Mong-MacBookPro.local with PID 7770 (started by mong in /Users/mong/Desktop/springboot2withaws)
2022-10-20 17:12:34.075  INFO 7770 --- [    Test worker] c.m.b.s.web.PostsApiControllerTest       : No active profile set, falling back to default profiles: default
2022-10-20 17:12:34.478  INFO 7770 --- [    Test worker] .s.d.r.c.RepositoryConfigurationDelegate : Bootstrapping Spring Data repositories in DEFAULT mode.
2022-10-20 17:12:34.525  INFO 7770 --- [    Test worker] .s.d.r.c.RepositoryConfigurationDelegate : Finished Spring Data repository scanning in 42ms. Found 1 repository interfaces.
2022-10-20 17:12:34.781  INFO 7770 --- [    Test worker] trationDelegate$BeanPostProcessorChecker : Bean 'org.springframework.transaction.annotation.ProxyTransactionManagementConfiguration' of type [org.springframework.transaction.annotation.ProxyTransactionManagementConfiguration$$EnhancerBySpringCGLIB$$f3c26a12] is not eligible for getting processed by all BeanPostProcessors (for example: not eligible for auto-proxying)
2022-10-20 17:12:35.124  INFO 7770 --- [    Test worker] o.s.b.w.embedded.tomcat.TomcatWebServer  : Tomcat initialized with port(s): 0 (http)
2022-10-20 17:12:35.147  INFO 7770 --- [    Test worker] o.apache.catalina.core.StandardService   : Starting service [Tomcat]
2022-10-20 17:12:35.147  INFO 7770 --- [    Test worker] org.apache.catalina.core.StandardEngine  : Starting Servlet engine: [Apache Tomcat/9.0.22]
2022-10-20 17:12:35.233  INFO 7770 --- [    Test worker] o.a.c.c.C.[Tomcat].[localhost].[/]       : Initializing Spring embedded WebApplicationContext
2022-10-20 17:12:35.233  INFO 7770 --- [    Test worker] o.s.web.context.ContextLoader            : Root WebApplicationContext: initialization completed in 1147 ms
2022-10-20 17:12:35.405  INFO 7770 --- [    Test worker] com.zaxxer.hikari.HikariDataSource       : HikariPool-1 - Starting...
2022-10-20 17:12:35.751  INFO 7770 --- [    Test worker] com.zaxxer.hikari.HikariDataSource       : HikariPool-1 - Start completed.
2022-10-20 17:12:35.797  INFO 7770 --- [    Test worker] o.hibernate.jpa.internal.util.LogHelper  : HHH000204: Processing PersistenceUnitInfo [
	name: default
	...]
2022-10-20 17:12:35.839  INFO 7770 --- [    Test worker] org.hibernate.Version                    : HHH000412: Hibernate Core {5.3.10.Final}
2022-10-20 17:12:35.840  INFO 7770 --- [    Test worker] org.hibernate.cfg.Environment            : HHH000206: hibernate.properties not found
2022-10-20 17:12:35.976  INFO 7770 --- [    Test worker] o.hibernate.annotations.common.Version   : HCANN000001: Hibernate Commons Annotations {5.0.4.Final}
2022-10-20 17:12:36.089  INFO 7770 --- [    Test worker] org.hibernate.dialect.Dialect            : HHH000400: Using dialect: org.hibernate.dialect.MySQL5Dialect
Hibernate: 
    
    drop table if exists posts
Hibernate: 
    
    create table posts (
       id bigint not null auto_increment,
        author varchar(255),
        content TEXT not null,
        title varchar(500) not null,
        primary key (id)
    ) engine=MyISAM
2022-10-20 17:12:36.571  INFO 7770 --- [    Test worker] o.h.t.schema.internal.SchemaCreatorImpl  : HHH000476: Executing import script 'org.hibernate.tool.schema.internal.exec.ScriptSourceInputNonExistentImpl@2f582580'
2022-10-20 17:12:36.573  INFO 7770 --- [    Test worker] j.LocalContainerEntityManagerFactoryBean : Initialized JPA EntityManagerFactory for persistence unit 'default'
2022-10-20 17:12:37.154  INFO 7770 --- [    Test worker] o.s.s.concurrent.ThreadPoolTaskExecutor  : Initializing ExecutorService 'applicationTaskExecutor'
2022-10-20 17:12:37.196  WARN 7770 --- [    Test worker] aWebConfiguration$JpaWebMvcConfiguration : spring.jpa.open-in-view is enabled by default. Therefore, database queries may be performed during view rendering. Explicitly configure spring.jpa.open-in-view to disable this warning
2022-10-20 17:12:37.446  INFO 7770 --- [    Test worker] o.s.b.w.embedded.tomcat.TomcatWebServer  : Tomcat started on port(s): 52737 (http) with context path ''
2022-10-20 17:12:37.449  INFO 7770 --- [    Test worker] c.m.b.s.web.PostsApiControllerTest       : Started PostsApiControllerTest in 3.526 seconds (JVM running for 4.151)
2022-10-20 17:12:37.591  INFO 7770 --- [o-auto-1-exec-1] o.a.c.c.C.[Tomcat].[localhost].[/]       : Initializing Spring DispatcherServlet 'dispatcherServlet'
2022-10-20 17:12:37.591  INFO 7770 --- [o-auto-1-exec-1] o.s.web.servlet.DispatcherServlet        : Initializing Servlet 'dispatcherServlet'
2022-10-20 17:12:37.604  INFO 7770 --- [o-auto-1-exec-1] o.s.web.servlet.DispatcherServlet        : Completed initialization in 13 ms
Hibernate: 
    insert 
    into
        posts
        (author, content, title) 
    values
        (?, ?, ?)
2022-10-20 17:12:37.783  INFO 7770 --- [    Test worker] o.h.h.i.QueryTranslatorFactoryInitiator  : HHH000397: Using ASTQueryTranslatorFactory
Hibernate: 
    select
        posts0_.id as id1_0_,
        posts0_.author as author2_0_,
        posts0_.content as content3_0_,
        posts0_.title as title4_0_ 
    from
        posts posts0_
Hibernate: 
    select
        posts0_.id as id1_0_,
        posts0_.author as author2_0_,
        posts0_.content as content3_0_,
        posts0_.title as title4_0_ 
    from
        posts posts0_
Hibernate: 
    delete 
    from
        posts 
    where
        id=?
]]></system-out>
  <system-err><![CDATA[]]></system-err>
</testsuite>
