<?xml version="1.0" encoding="UTF-8"?>
<testsuite name="com.mong.book.springboot.web.IndexControllerTest" tests="1" skipped="0" failures="0" errors="0" timestamp="2022-10-25T05:44:19" hostname="Mong-MacBookPro.local" time="0.17">
  <properties/>
  <testcase name="메인페이지_로딩" classname="com.mong.book.springboot.web.IndexControllerTest" time="0.17"/>
  <system-out><![CDATA[2022-10-25 14:44:15.907  INFO 18542 --- [    Test worker] .b.t.c.SpringBootTestContextBootstrapper : Neither @ContextConfiguration nor @ContextHierarchy found for test class [com.mong.book.springboot.web.IndexControllerTest], using SpringBootContextLoader
2022-10-25 14:44:15.908  INFO 18542 --- [    Test worker] o.s.t.c.support.AbstractContextLoader    : Could not detect default resource locations for test class [com.mong.book.springboot.web.IndexControllerTest]: no resource found for suffixes {-context.xml, Context.groovy}.
2022-10-25 14:44:15.908  INFO 18542 --- [    Test worker] t.c.s.AnnotationConfigContextLoaderUtils : Could not detect default configuration classes for test class [com.mong.book.springboot.web.IndexControllerTest]: IndexControllerTest does not declare any static, non-private, non-final, nested classes annotated with @Configuration.
2022-10-25 14:44:15.910  INFO 18542 --- [    Test worker] .b.t.c.SpringBootTestContextBootstrapper : Found @SpringBootConfiguration com.mong.book.springboot.Application for test class com.mong.book.springboot.web.IndexControllerTest
2022-10-25 14:44:15.912  INFO 18542 --- [    Test worker] .b.t.c.SpringBootTestContextBootstrapper : Loaded default TestExecutionListener class names from location [META-INF/spring.factories]: [org.springframework.security.test.context.support.WithSecurityContextTestExecutionListener, org.springframework.security.test.context.support.ReactorContextTestExecutionListener, org.springframework.boot.test.autoconfigure.restdocs.RestDocsTestExecutionListener, org.springframework.boot.test.autoconfigure.web.client.MockRestServiceServerResetTestExecutionListener, org.springframework.boot.test.autoconfigure.web.servlet.MockMvcPrintOnlyOnFailureTestExecutionListener, org.springframework.boot.test.autoconfigure.web.servlet.WebDriverTestExecutionListener, org.springframework.boot.test.mock.mockito.MockitoTestExecutionListener, org.springframework.boot.test.mock.mockito.ResetMocksTestExecutionListener, org.springframework.test.context.web.ServletTestExecutionListener, org.springframework.test.context.support.DirtiesContextBeforeModesTestExecutionListener, org.springframework.test.context.support.DependencyInjectionTestExecutionListener, org.springframework.test.context.support.DirtiesContextTestExecutionListener, org.springframework.test.context.transaction.TransactionalTestExecutionListener, org.springframework.test.context.jdbc.SqlScriptsTestExecutionListener]
2022-10-25 14:44:15.912  INFO 18542 --- [    Test worker] .b.t.c.SpringBootTestContextBootstrapper : Using TestExecutionListeners: [org.springframework.test.context.web.ServletTestExecutionListener@557e0256, org.springframework.test.context.support.DirtiesContextBeforeModesTestExecutionListener@2d424c52, org.springframework.boot.test.mock.mockito.MockitoTestExecutionListener@6e148563, org.springframework.boot.test.autoconfigure.SpringBootDependencyInjectionTestExecutionListener@64e3a373, org.springframework.test.context.support.DirtiesContextTestExecutionListener@412a610b, org.springframework.test.context.transaction.TransactionalTestExecutionListener@7eb595a0, org.springframework.test.context.jdbc.SqlScriptsTestExecutionListener@34c02888, org.springframework.security.test.context.support.WithSecurityContextTestExecutionListener@4dc1fd58, org.springframework.security.test.context.support.ReactorContextTestExecutionListener@5ff1efd2, org.springframework.boot.test.autoconfigure.restdocs.RestDocsTestExecutionListener@dbb6919, org.springframework.boot.test.autoconfigure.web.client.MockRestServiceServerResetTestExecutionListener@388a844e, org.springframework.boot.test.autoconfigure.web.servlet.MockMvcPrintOnlyOnFailureTestExecutionListener@7ae3853a, org.springframework.boot.test.autoconfigure.web.servlet.WebDriverTestExecutionListener@2abc6acb, org.springframework.boot.test.mock.mockito.ResetMocksTestExecutionListener@7c993d24]

  .   ____          _            __ _ _
 /\\ / ___'_ __ _ _(_)_ __  __ _ \ \ \ \
( ( )\___ | '_ | '_| | '_ \/ _` | \ \ \ \
 \\/  ___)| |_)| | | | | || (_| |  ) ) ) )
  '  |____| .__|_| |_|_| |_\__, | / / / /
 =========|_|==============|___/=/_/_/_/
 :: Spring Boot ::        (v2.1.7.RELEASE)

2022-10-25 14:44:15.937  INFO 18542 --- [    Test worker] c.m.b.s.web.IndexControllerTest          : Starting IndexControllerTest on Mong-MacBookPro.local with PID 18542 (started by mong in /Users/mong/Desktop/springboot2withaws)
2022-10-25 14:44:15.937  INFO 18542 --- [    Test worker] c.m.b.s.web.IndexControllerTest          : No active profile set, falling back to default profiles: default
2022-10-25 14:44:16.243  INFO 18542 --- [    Test worker] .s.d.r.c.RepositoryConfigurationDelegate : Bootstrapping Spring Data repositories in DEFAULT mode.
2022-10-25 14:44:16.298  INFO 18542 --- [    Test worker] .s.d.r.c.RepositoryConfigurationDelegate : Finished Spring Data repository scanning in 45ms. Found 2 repository interfaces.
2022-10-25 14:44:16.468  INFO 18542 --- [    Test worker] trationDelegate$BeanPostProcessorChecker : Bean 'org.springframework.transaction.annotation.ProxyTransactionManagementConfiguration' of type [org.springframework.transaction.annotation.ProxyTransactionManagementConfiguration$$EnhancerBySpringCGLIB$$81cf6f46] is not eligible for getting processed by all BeanPostProcessors (for example: not eligible for auto-proxying)
2022-10-25 14:44:16.702  INFO 18542 --- [    Test worker] o.s.b.w.embedded.tomcat.TomcatWebServer  : Tomcat initialized with port(s): 0 (http)
2022-10-25 14:44:16.725  INFO 18542 --- [    Test worker] o.apache.catalina.core.StandardService   : Starting service [Tomcat]
2022-10-25 14:44:16.726  INFO 18542 --- [    Test worker] org.apache.catalina.core.StandardEngine  : Starting Servlet engine: [Apache Tomcat/9.0.22]
2022-10-25 14:44:16.823  INFO 18542 --- [    Test worker] o.a.c.c.C.[Tomcat].[localhost].[/]       : Initializing Spring embedded WebApplicationContext
2022-10-25 14:44:16.823  INFO 18542 --- [    Test worker] o.s.web.context.ContextLoader            : Root WebApplicationContext: initialization completed in 884 ms
2022-10-25 14:44:17.049  INFO 18542 --- [    Test worker] com.zaxxer.hikari.HikariDataSource       : HikariPool-1 - Starting...
2022-10-25 14:44:17.469  INFO 18542 --- [    Test worker] com.zaxxer.hikari.HikariDataSource       : HikariPool-1 - Start completed.
2022-10-25 14:44:17.534  INFO 18542 --- [    Test worker] o.hibernate.jpa.internal.util.LogHelper  : HHH000204: Processing PersistenceUnitInfo [
	name: default
	...]
2022-10-25 14:44:17.619  INFO 18542 --- [    Test worker] org.hibernate.Version                    : HHH000412: Hibernate Core {5.3.10.Final}
2022-10-25 14:44:17.621  INFO 18542 --- [    Test worker] org.hibernate.cfg.Environment            : HHH000206: hibernate.properties not found
2022-10-25 14:44:17.681  INFO 18542 --- [    Test worker] o.hibernate.annotations.common.Version   : HCANN000001: Hibernate Commons Annotations {5.0.4.Final}
2022-10-25 14:44:17.934  INFO 18542 --- [    Test worker] org.hibernate.dialect.Dialect            : HHH000400: Using dialect: org.hibernate.dialect.MySQL5Dialect
Hibernate: 
    
    drop table if exists posts
Hibernate: 
    
    drop table if exists user
Hibernate: 
    
    create table posts (
       id bigint not null auto_increment,
        created_date datetime,
        modified_date datetime,
        author varchar(255),
        content TEXT not null,
        title varchar(500) not null,
        primary key (id)
    ) engine=MyISAM
Hibernate: 
    
    create table user (
       id bigint not null auto_increment,
        email varchar(255) not null,
        name varchar(255) not null,
        picture varchar(255),
        role varchar(255) not null,
        primary key (id)
    ) engine=MyISAM
2022-10-25 14:44:18.582  INFO 18542 --- [    Test worker] o.h.t.schema.internal.SchemaCreatorImpl  : HHH000476: Executing import script 'org.hibernate.tool.schema.internal.exec.ScriptSourceInputNonExistentImpl@7b49b152'
2022-10-25 14:44:18.585  INFO 18542 --- [    Test worker] j.LocalContainerEntityManagerFactoryBean : Initialized JPA EntityManagerFactory for persistence unit 'default'
2022-10-25 14:44:18.990  INFO 18542 --- [    Test worker] o.h.h.i.QueryTranslatorFactoryInitiator  : HHH000397: Using ASTQueryTranslatorFactory
2022-10-25 14:44:19.256  INFO 18542 --- [    Test worker] o.s.s.web.DefaultSecurityFilterChain     : Creating filter chain: any request, [org.springframework.security.web.context.request.async.WebAsyncManagerIntegrationFilter@2338baad, org.springframework.security.web.context.SecurityContextPersistenceFilter@14be42a9, org.springframework.security.web.header.HeaderWriterFilter@2a6b343c, org.springframework.security.web.authentication.logout.LogoutFilter@68343119, org.springframework.security.oauth2.client.web.OAuth2AuthorizationRequestRedirectFilter@6db5fbf7, org.springframework.security.oauth2.client.web.OAuth2LoginAuthenticationFilter@20a9c25c, org.springframework.security.web.authentication.ui.DefaultLoginPageGeneratingFilter@e798175, org.springframework.security.web.authentication.ui.DefaultLogoutPageGeneratingFilter@7ee6e550, org.springframework.security.web.savedrequest.RequestCacheAwareFilter@4536714c, org.springframework.security.web.servletapi.SecurityContextHolderAwareRequestFilter@360f7702, org.springframework.security.web.authentication.AnonymousAuthenticationFilter@103363f2, org.springframework.security.web.session.SessionManagementFilter@6b3a7e88, org.springframework.security.web.access.ExceptionTranslationFilter@1c99b81a, org.springframework.security.web.access.intercept.FilterSecurityInterceptor@7949830e]
2022-10-25 14:44:19.377  INFO 18542 --- [    Test worker] o.s.s.concurrent.ThreadPoolTaskExecutor  : Initializing ExecutorService 'applicationTaskExecutor'
2022-10-25 14:44:19.388  WARN 18542 --- [    Test worker] aWebConfiguration$JpaWebMvcConfiguration : spring.jpa.open-in-view is enabled by default. Therefore, database queries may be performed during view rendering. Explicitly configure spring.jpa.open-in-view to disable this warning
2022-10-25 14:44:19.409  INFO 18542 --- [    Test worker] o.s.b.a.w.s.WelcomePageHandlerMapping    : Adding welcome page template: index
2022-10-25 14:44:19.643  INFO 18542 --- [    Test worker] o.s.b.w.embedded.tomcat.TomcatWebServer  : Tomcat started on port(s): 50621 (http) with context path ''
2022-10-25 14:44:19.644  INFO 18542 --- [    Test worker] c.m.b.s.web.IndexControllerTest          : Started IndexControllerTest in 3.73 seconds (JVM running for 6.962)
2022-10-25 14:44:19.713  INFO 18542 --- [o-auto-1-exec-1] o.a.c.c.C.[Tomcat].[localhost].[/]       : Initializing Spring DispatcherServlet 'dispatcherServlet'
2022-10-25 14:44:19.713  INFO 18542 --- [o-auto-1-exec-1] o.s.web.servlet.DispatcherServlet        : Initializing Servlet 'dispatcherServlet'
2022-10-25 14:44:19.725  INFO 18542 --- [o-auto-1-exec-1] o.s.web.servlet.DispatcherServlet        : Completed initialization in 12 ms
Hibernate: 
    select
        posts0_.id as id1_0_,
        posts0_.created_date as created_2_0_,
        posts0_.modified_date as modified3_0_,
        posts0_.author as author4_0_,
        posts0_.content as content5_0_,
        posts0_.title as title6_0_ 
    from
        posts posts0_ 
    order by
        posts0_.id DESC
body = <!DOCTYPE HTML>
<html>
<head>
    <title>스프링부트 웹서비스</title>
    <meta http-equiv="Content-Type" content="text/html; charset=UTF-8" />

    <link rel="stylesheet" href="https://stackpath.bootstrapcdn.com/bootstrap/4.3.1/css/bootstrap.min.css">
</head>
<body>

<h1>스프링부트로 시작하는 웹 서비스 Ver.2</h1>
<div class="col-md-12">
    <div class="row">
        <div class="col-md-6">
            <a href="/posts/save" role="button" class="btn btn-primary">글 등록</a>
                <a href="/oauth2/authorization/google" class="btn btn-success active" role="button">Google Login</a>
                <a href="/oauth2/authorization/naver" class="btn btn-secondary active" role="button">Naver Login</a>
        </div>
    </div>
    <br>
    <!-- 목록 출력 영역 -->
    <table class="table table-horizontal table-bordered">
        <thead class="thead-strong">
        <tr>
            <th>게시글번호</th>
            <th>제목</th>
            <th>작성자</th>
            <th>최종수정일</th>
        </tr>
        </thead>
        <tbody id="tbody">
        </tbody>
    </table>
</div>

<script src="https://code.jquery.com/jquery-3.3.1.min.js"></script>
<script src="https://stackpath.bootstrapcdn.com/bootstrap/4.3.1/js/bootstrap.min.js"></script>

<!--index.js 추가-->
<script src="/js/app/index.js"></script>
</body>
</html>
]]></system-out>
  <system-err><![CDATA[]]></system-err>
</testsuite>
