<?xml version="1.0" encoding="UTF-8"?>
<testsuite name="com.mong.book.springboot.domain.posts.PostsRepositoryTest" tests="2" skipped="0" failures="0" errors="0" timestamp="2022-10-25T05:44:20" hostname="Mong-MacBookPro.local" time="0.035">
  <properties/>
  <testcase name="게시글저장_불러오기" classname="com.mong.book.springboot.domain.posts.PostsRepositoryTest" time="0.021"/>
  <testcase name="BaseTimeEntity_등록" classname="com.mong.book.springboot.domain.posts.PostsRepositoryTest" time="0.014"/>
  <system-out><![CDATA[2022-10-25 14:44:20.016  INFO 18542 --- [    Test worker] .b.t.c.SpringBootTestContextBootstrapper : Neither @ContextConfiguration nor @ContextHierarchy found for test class [com.mong.book.springboot.domain.posts.PostsRepositoryTest], using SpringBootContextLoader
2022-10-25 14:44:20.017  INFO 18542 --- [    Test worker] o.s.t.c.support.AbstractContextLoader    : Could not detect default resource locations for test class [com.mong.book.springboot.domain.posts.PostsRepositoryTest]: no resource found for suffixes {-context.xml, Context.groovy}.
2022-10-25 14:44:20.017  INFO 18542 --- [    Test worker] t.c.s.AnnotationConfigContextLoaderUtils : Could not detect default configuration classes for test class [com.mong.book.springboot.domain.posts.PostsRepositoryTest]: PostsRepositoryTest does not declare any static, non-private, non-final, nested classes annotated with @Configuration.
2022-10-25 14:44:20.020  INFO 18542 --- [    Test worker] .b.t.c.SpringBootTestContextBootstrapper : Found @SpringBootConfiguration com.mong.book.springboot.Application for test class com.mong.book.springboot.domain.posts.PostsRepositoryTest
2022-10-25 14:44:20.021  INFO 18542 --- [    Test worker] .b.t.c.SpringBootTestContextBootstrapper : Loaded default TestExecutionListener class names from location [META-INF/spring.factories]: [org.springframework.security.test.context.support.WithSecurityContextTestExecutionListener, org.springframework.security.test.context.support.ReactorContextTestExecutionListener, org.springframework.boot.test.autoconfigure.restdocs.RestDocsTestExecutionListener, org.springframework.boot.test.autoconfigure.web.client.MockRestServiceServerResetTestExecutionListener, org.springframework.boot.test.autoconfigure.web.servlet.MockMvcPrintOnlyOnFailureTestExecutionListener, org.springframework.boot.test.autoconfigure.web.servlet.WebDriverTestExecutionListener, org.springframework.boot.test.mock.mockito.MockitoTestExecutionListener, org.springframework.boot.test.mock.mockito.ResetMocksTestExecutionListener, org.springframework.test.context.web.ServletTestExecutionListener, org.springframework.test.context.support.DirtiesContextBeforeModesTestExecutionListener, org.springframework.test.context.support.DependencyInjectionTestExecutionListener, org.springframework.test.context.support.DirtiesContextTestExecutionListener, org.springframework.test.context.transaction.TransactionalTestExecutionListener, org.springframework.test.context.jdbc.SqlScriptsTestExecutionListener]
2022-10-25 14:44:20.022  INFO 18542 --- [    Test worker] .b.t.c.SpringBootTestContextBootstrapper : Using TestExecutionListeners: [org.springframework.test.context.web.ServletTestExecutionListener@3746c56f, org.springframework.test.context.support.DirtiesContextBeforeModesTestExecutionListener@617665a8, org.springframework.boot.test.mock.mockito.MockitoTestExecutionListener@7d075da8, org.springframework.boot.test.autoconfigure.SpringBootDependencyInjectionTestExecutionListener@22fae331, org.springframework.test.context.support.DirtiesContextTestExecutionListener@231637bc, org.springframework.test.context.transaction.TransactionalTestExecutionListener@719f5d53, org.springframework.test.context.jdbc.SqlScriptsTestExecutionListener@36b2a4d5, org.springframework.security.test.context.support.WithSecurityContextTestExecutionListener@43a43a59, org.springframework.security.test.context.support.ReactorContextTestExecutionListener@511d4e46, org.springframework.boot.test.autoconfigure.restdocs.RestDocsTestExecutionListener@5ae3f4f3, org.springframework.boot.test.autoconfigure.web.client.MockRestServiceServerResetTestExecutionListener@79547776, org.springframework.boot.test.autoconfigure.web.servlet.MockMvcPrintOnlyOnFailureTestExecutionListener@1b40ecf7, org.springframework.boot.test.autoconfigure.web.servlet.WebDriverTestExecutionListener@2094eea7, org.springframework.boot.test.mock.mockito.ResetMocksTestExecutionListener@6515c22a]

  .   ____          _            __ _ _
 /\\ / ___'_ __ _ _(_)_ __  __ _ \ \ \ \
( ( )\___ | '_ | '_| | '_ \/ _` | \ \ \ \
 \\/  ___)| |_)| | | | | || (_| |  ) ) ) )
  '  |____| .__|_| |_|_| |_\__, | / / / /
 =========|_|==============|___/=/_/_/_/
 :: Spring Boot ::        (v2.1.7.RELEASE)

2022-10-25 14:44:20.034  INFO 18542 --- [    Test worker] c.m.b.s.d.posts.PostsRepositoryTest      : Starting PostsRepositoryTest on Mong-MacBookPro.local with PID 18542 (started by mong in /Users/mong/Desktop/springboot2withaws)
2022-10-25 14:44:20.034  INFO 18542 --- [    Test worker] c.m.b.s.d.posts.PostsRepositoryTest      : No active profile set, falling back to default profiles: default
2022-10-25 14:44:20.142  INFO 18542 --- [    Test worker] .s.d.r.c.RepositoryConfigurationDelegate : Bootstrapping Spring Data repositories in DEFAULT mode.
2022-10-25 14:44:20.156  INFO 18542 --- [    Test worker] .s.d.r.c.RepositoryConfigurationDelegate : Finished Spring Data repository scanning in 13ms. Found 2 repository interfaces.
2022-10-25 14:44:20.200  INFO 18542 --- [    Test worker] trationDelegate$BeanPostProcessorChecker : Bean 'org.springframework.transaction.annotation.ProxyTransactionManagementConfiguration' of type [org.springframework.transaction.annotation.ProxyTransactionManagementConfiguration$$EnhancerBySpringCGLIB$$81cf6f46] is not eligible for getting processed by all BeanPostProcessors (for example: not eligible for auto-proxying)
2022-10-25 14:44:20.253  INFO 18542 --- [    Test worker] com.zaxxer.hikari.HikariDataSource       : HikariPool-2 - Starting...
2022-10-25 14:44:20.263  INFO 18542 --- [    Test worker] com.zaxxer.hikari.HikariDataSource       : HikariPool-2 - Start completed.
2022-10-25 14:44:20.277  INFO 18542 --- [    Test worker] o.hibernate.jpa.internal.util.LogHelper  : HHH000204: Processing PersistenceUnitInfo [
	name: default
	...]
2022-10-25 14:44:20.282  INFO 18542 --- [    Test worker] org.hibernate.dialect.Dialect            : HHH000400: Using dialect: org.hibernate.dialect.MySQL5Dialect
Hibernate: 
    
    drop table if exists posts
Hibernate: 
    
    drop table if exists user
Hibernate: 
    
    create table posts (
       id bigint not null auto_increment,
        created_date datetime,
        modified_date datetime,
        author varchar(255),
        content TEXT not null,
        title varchar(500) not null,
        primary key (id)
    ) engine=MyISAM
Hibernate: 
    
    create table user (
       id bigint not null auto_increment,
        email varchar(255) not null,
        name varchar(255) not null,
        picture varchar(255),
        role varchar(255) not null,
        primary key (id)
    ) engine=MyISAM
2022-10-25 14:44:20.336  INFO 18542 --- [    Test worker] o.h.t.schema.internal.SchemaCreatorImpl  : HHH000476: Executing import script 'org.hibernate.tool.schema.internal.exec.ScriptSourceInputNonExistentImpl@7b49b152'
2022-10-25 14:44:20.337  INFO 18542 --- [    Test worker] j.LocalContainerEntityManagerFactoryBean : Initialized JPA EntityManagerFactory for persistence unit 'default'
2022-10-25 14:44:20.433  INFO 18542 --- [    Test worker] o.h.h.i.QueryTranslatorFactoryInitiator  : HHH000397: Using ASTQueryTranslatorFactory
2022-10-25 14:44:20.498  INFO 18542 --- [    Test worker] o.s.s.web.DefaultSecurityFilterChain     : Creating filter chain: any request, [org.springframework.security.web.context.request.async.WebAsyncManagerIntegrationFilter@72a890f9, org.springframework.security.web.context.SecurityContextPersistenceFilter@51622dfd, org.springframework.security.web.header.HeaderWriterFilter@45da60a0, org.springframework.security.web.authentication.logout.LogoutFilter@45267887, org.springframework.security.oauth2.client.web.OAuth2AuthorizationRequestRedirectFilter@3eb5c07f, org.springframework.security.oauth2.client.web.OAuth2LoginAuthenticationFilter@570c9da5, org.springframework.security.web.authentication.ui.DefaultLoginPageGeneratingFilter@5ebb002, org.springframework.security.web.authentication.ui.DefaultLogoutPageGeneratingFilter@57bdaa31, org.springframework.security.web.savedrequest.RequestCacheAwareFilter@7b6873d0, org.springframework.security.web.servletapi.SecurityContextHolderAwareRequestFilter@6da1d37d, org.springframework.security.web.authentication.AnonymousAuthenticationFilter@471b2e81, org.springframework.security.web.session.SessionManagementFilter@7b826417, org.springframework.security.web.access.ExceptionTranslationFilter@30434c65, org.springframework.security.web.access.intercept.FilterSecurityInterceptor@354cc99]
2022-10-25 14:44:20.627  INFO 18542 --- [    Test worker] o.s.s.concurrent.ThreadPoolTaskExecutor  : Initializing ExecutorService 'applicationTaskExecutor'
2022-10-25 14:44:20.633  WARN 18542 --- [    Test worker] aWebConfiguration$JpaWebMvcConfiguration : spring.jpa.open-in-view is enabled by default. Therefore, database queries may be performed during view rendering. Explicitly configure spring.jpa.open-in-view to disable this warning
2022-10-25 14:44:20.648  INFO 18542 --- [    Test worker] o.s.b.a.w.s.WelcomePageHandlerMapping    : Adding welcome page template: index
2022-10-25 14:44:20.769  INFO 18542 --- [    Test worker] c.m.b.s.d.posts.PostsRepositoryTest      : Started PostsRepositoryTest in 0.746 seconds (JVM running for 8.087)
Hibernate: 
    insert 
    into
        posts
        (created_date, modified_date, author, content, title) 
    values
        (?, ?, ?, ?, ?)
Hibernate: 
    select
        posts0_.id as id1_0_,
        posts0_.created_date as created_2_0_,
        posts0_.modified_date as modified3_0_,
        posts0_.author as author4_0_,
        posts0_.content as content5_0_,
        posts0_.title as title6_0_ 
    from
        posts posts0_
Hibernate: 
    select
        posts0_.id as id1_0_,
        posts0_.created_date as created_2_0_,
        posts0_.modified_date as modified3_0_,
        posts0_.author as author4_0_,
        posts0_.content as content5_0_,
        posts0_.title as title6_0_ 
    from
        posts posts0_
Hibernate: 
    delete 
    from
        posts 
    where
        id=?
Hibernate: 
    insert 
    into
        posts
        (created_date, modified_date, author, content, title) 
    values
        (?, ?, ?, ?, ?)
Hibernate: 
    select
        posts0_.id as id1_0_,
        posts0_.created_date as created_2_0_,
        posts0_.modified_date as modified3_0_,
        posts0_.author as author4_0_,
        posts0_.content as content5_0_,
        posts0_.title as title6_0_ 
    from
        posts posts0_
posts.getCreatedDate() = 2022-10-25T14:44:21
posts.getModifiedDate() = 2022-10-25T14:44:21
Hibernate: 
    select
        posts0_.id as id1_0_,
        posts0_.created_date as created_2_0_,
        posts0_.modified_date as modified3_0_,
        posts0_.author as author4_0_,
        posts0_.content as content5_0_,
        posts0_.title as title6_0_ 
    from
        posts posts0_
Hibernate: 
    delete 
    from
        posts 
    where
        id=?
]]></system-out>
  <system-err><![CDATA[]]></system-err>
</testsuite>
