<?xml version="1.0" encoding="UTF-8"?>
<testsuite name="com.mong.book.springboot.web.PostsApiControllerTest" tests="2" skipped="0" failures="0" errors="0" timestamp="2023-02-13T06:31:55" hostname="Mong-MacBookPro.local" time="0.149">
  <properties/>
  <testcase name="Posts_등록()" classname="com.mong.book.springboot.web.PostsApiControllerTest" time="0.13"/>
  <testcase name="Posts_수정()" classname="com.mong.book.springboot.web.PostsApiControllerTest" time="0.018"/>
  <system-out><![CDATA[2023-02-13 15:31:55.270  INFO 19628 --- [    Test worker] .b.t.c.SpringBootTestContextBootstrapper : Neither @ContextConfiguration nor @ContextHierarchy found for test class [com.mong.book.springboot.web.PostsApiControllerTest], using SpringBootContextLoader
2023-02-13 15:31:55.271  INFO 19628 --- [    Test worker] o.s.t.c.support.AbstractContextLoader    : Could not detect default resource locations for test class [com.mong.book.springboot.web.PostsApiControllerTest]: no resource found for suffixes {-context.xml, Context.groovy}.
2023-02-13 15:31:55.271  INFO 19628 --- [    Test worker] t.c.s.AnnotationConfigContextLoaderUtils : Could not detect default configuration classes for test class [com.mong.book.springboot.web.PostsApiControllerTest]: PostsApiControllerTest does not declare any static, non-private, non-final, nested classes annotated with @Configuration.
2023-02-13 15:31:55.273  INFO 19628 --- [    Test worker] .b.t.c.SpringBootTestContextBootstrapper : Found @SpringBootConfiguration com.mong.book.springboot.Application for test class com.mong.book.springboot.web.PostsApiControllerTest
2023-02-13 15:31:55.274  INFO 19628 --- [    Test worker] .b.t.c.SpringBootTestContextBootstrapper : Loaded default TestExecutionListener class names from location [META-INF/spring.factories]: [org.springframework.security.test.context.support.WithSecurityContextTestExecutionListener, org.springframework.security.test.context.support.ReactorContextTestExecutionListener, org.springframework.boot.test.autoconfigure.restdocs.RestDocsTestExecutionListener, org.springframework.boot.test.autoconfigure.web.client.MockRestServiceServerResetTestExecutionListener, org.springframework.boot.test.autoconfigure.web.servlet.MockMvcPrintOnlyOnFailureTestExecutionListener, org.springframework.boot.test.autoconfigure.web.servlet.WebDriverTestExecutionListener, org.springframework.boot.test.autoconfigure.webservices.client.MockWebServiceServerTestExecutionListener, org.springframework.boot.test.mock.mockito.MockitoTestExecutionListener, org.springframework.boot.test.mock.mockito.ResetMocksTestExecutionListener, org.springframework.test.context.web.ServletTestExecutionListener, org.springframework.test.context.support.DirtiesContextBeforeModesTestExecutionListener, org.springframework.test.context.support.DependencyInjectionTestExecutionListener, org.springframework.test.context.support.DirtiesContextTestExecutionListener, org.springframework.test.context.transaction.TransactionalTestExecutionListener, org.springframework.test.context.jdbc.SqlScriptsTestExecutionListener, org.springframework.test.context.event.EventPublishingTestExecutionListener]
2023-02-13 15:31:55.275  INFO 19628 --- [    Test worker] .b.t.c.SpringBootTestContextBootstrapper : Using TestExecutionListeners: [org.springframework.test.context.web.ServletTestExecutionListener@6151caf0, org.springframework.test.context.support.DirtiesContextBeforeModesTestExecutionListener@11f000d8, org.springframework.boot.test.mock.mockito.MockitoTestExecutionListener@1d307946, org.springframework.boot.test.autoconfigure.SpringBootDependencyInjectionTestExecutionListener@65bed53a, org.springframework.test.context.support.DirtiesContextTestExecutionListener@a578537, org.springframework.test.context.transaction.TransactionalTestExecutionListener@1bb0b265, org.springframework.test.context.jdbc.SqlScriptsTestExecutionListener@554021c, org.springframework.security.test.context.support.WithSecurityContextTestExecutionListener@16501089, org.springframework.test.context.event.EventPublishingTestExecutionListener@20985149, org.springframework.security.test.context.support.ReactorContextTestExecutionListener@3e25fca5, org.springframework.boot.test.autoconfigure.restdocs.RestDocsTestExecutionListener@1bc45d9f, org.springframework.boot.test.autoconfigure.web.client.MockRestServiceServerResetTestExecutionListener@d86c236, org.springframework.boot.test.autoconfigure.web.servlet.MockMvcPrintOnlyOnFailureTestExecutionListener@6ff6c8d6, org.springframework.boot.test.autoconfigure.web.servlet.WebDriverTestExecutionListener@7e27d159, org.springframework.boot.test.autoconfigure.webservices.client.MockWebServiceServerTestExecutionListener@47b653a7, org.springframework.boot.test.mock.mockito.ResetMocksTestExecutionListener@7c1aae15]
2023-02-13 15:31:55.283  INFO 19628 --- [    Test worker] o.a.c.c.C.[Tomcat].[localhost].[/]       : Initializing Spring TestDispatcherServlet ''
2023-02-13 15:31:55.283  INFO 19628 --- [    Test worker] o.s.t.web.servlet.TestDispatcherServlet  : Initializing Servlet ''
2023-02-13 15:31:55.284  INFO 19628 --- [    Test worker] o.s.t.web.servlet.TestDispatcherServlet  : Completed initialization in 1 ms
2023-02-13 15:31:55.410  INFO 19628 --- [    Test worker] o.a.c.c.C.[Tomcat].[localhost].[/]       : Initializing Spring TestDispatcherServlet ''
2023-02-13 15:31:55.411  INFO 19628 --- [    Test worker] o.s.t.web.servlet.TestDispatcherServlet  : Initializing Servlet ''
2023-02-13 15:31:55.411  INFO 19628 --- [    Test worker] o.s.t.web.servlet.TestDispatcherServlet  : Completed initialization in 0 ms
]]></system-out>
  <system-err><![CDATA[]]></system-err>
</testsuite>
