<?xml version="1.0" encoding="UTF-8"?>
<testsuite name="com.mong.book.springboot.domain.posts.PostsRepositoryTest" tests="2" skipped="0" failures="0" errors="0" timestamp="2023-02-13T06:19:58" hostname="Mong-MacBookPro.local" time="0.028">
  <properties/>
  <testcase name="게시글저장_불러오기()" classname="com.mong.book.springboot.domain.posts.PostsRepositoryTest" time="0.017"/>
  <testcase name="BaseTimeEntity_등록()" classname="com.mong.book.springboot.domain.posts.PostsRepositoryTest" time="0.01"/>
  <system-out><![CDATA[2023-02-13 15:19:57.450  INFO 19205 --- [    Test worker] .b.t.c.SpringBootTestContextBootstrapper : Neither @ContextConfiguration nor @ContextHierarchy found for test class [com.mong.book.springboot.domain.posts.PostsRepositoryTest], using SpringBootContextLoader
2023-02-13 15:19:57.451  INFO 19205 --- [    Test worker] o.s.t.c.support.AbstractContextLoader    : Could not detect default resource locations for test class [com.mong.book.springboot.domain.posts.PostsRepositoryTest]: no resource found for suffixes {-context.xml, Context.groovy}.
2023-02-13 15:19:57.451  INFO 19205 --- [    Test worker] t.c.s.AnnotationConfigContextLoaderUtils : Could not detect default configuration classes for test class [com.mong.book.springboot.domain.posts.PostsRepositoryTest]: PostsRepositoryTest does not declare any static, non-private, non-final, nested classes annotated with @Configuration.
2023-02-13 15:19:57.454  INFO 19205 --- [    Test worker] .b.t.c.SpringBootTestContextBootstrapper : Found @SpringBootConfiguration com.mong.book.springboot.Application for test class com.mong.book.springboot.domain.posts.PostsRepositoryTest
2023-02-13 15:19:57.455  INFO 19205 --- [    Test worker] .b.t.c.SpringBootTestContextBootstrapper : Loaded default TestExecutionListener class names from location [META-INF/spring.factories]: [org.springframework.security.test.context.support.WithSecurityContextTestExecutionListener, org.springframework.security.test.context.support.ReactorContextTestExecutionListener, org.springframework.boot.test.autoconfigure.restdocs.RestDocsTestExecutionListener, org.springframework.boot.test.autoconfigure.web.client.MockRestServiceServerResetTestExecutionListener, org.springframework.boot.test.autoconfigure.web.servlet.MockMvcPrintOnlyOnFailureTestExecutionListener, org.springframework.boot.test.autoconfigure.web.servlet.WebDriverTestExecutionListener, org.springframework.boot.test.autoconfigure.webservices.client.MockWebServiceServerTestExecutionListener, org.springframework.boot.test.mock.mockito.MockitoTestExecutionListener, org.springframework.boot.test.mock.mockito.ResetMocksTestExecutionListener, org.springframework.test.context.web.ServletTestExecutionListener, org.springframework.test.context.support.DirtiesContextBeforeModesTestExecutionListener, org.springframework.test.context.support.DependencyInjectionTestExecutionListener, org.springframework.test.context.support.DirtiesContextTestExecutionListener, org.springframework.test.context.transaction.TransactionalTestExecutionListener, org.springframework.test.context.jdbc.SqlScriptsTestExecutionListener, org.springframework.test.context.event.EventPublishingTestExecutionListener]
2023-02-13 15:19:57.456  INFO 19205 --- [    Test worker] .b.t.c.SpringBootTestContextBootstrapper : Using TestExecutionListeners: [org.springframework.test.context.web.ServletTestExecutionListener@75a55c3f, org.springframework.test.context.support.DirtiesContextBeforeModesTestExecutionListener@7760824e, org.springframework.boot.test.mock.mockito.MockitoTestExecutionListener@c0341c, org.springframework.boot.test.autoconfigure.SpringBootDependencyInjectionTestExecutionListener@64f2c2ae, org.springframework.test.context.support.DirtiesContextTestExecutionListener@3b693eab, org.springframework.test.context.transaction.TransactionalTestExecutionListener@48e8b97a, org.springframework.test.context.jdbc.SqlScriptsTestExecutionListener@498914af, org.springframework.security.test.context.support.WithSecurityContextTestExecutionListener@3b1c5882, org.springframework.test.context.event.EventPublishingTestExecutionListener@49f2b52c, org.springframework.security.test.context.support.ReactorContextTestExecutionListener@445ce601, org.springframework.boot.test.autoconfigure.restdocs.RestDocsTestExecutionListener@45f1ae49, org.springframework.boot.test.autoconfigure.web.client.MockRestServiceServerResetTestExecutionListener@1c70263d, org.springframework.boot.test.autoconfigure.web.servlet.MockMvcPrintOnlyOnFailureTestExecutionListener@4077bb4a, org.springframework.boot.test.autoconfigure.web.servlet.WebDriverTestExecutionListener@63b821ab, org.springframework.boot.test.autoconfigure.webservices.client.MockWebServiceServerTestExecutionListener@2b734873, org.springframework.boot.test.mock.mockito.ResetMocksTestExecutionListener@362fc2ee]

  .   ____          _            __ _ _
 /\\ / ___'_ __ _ _(_)_ __  __ _ \ \ \ \
( ( )\___ | '_ | '_| | '_ \/ _` | \ \ \ \
 \\/  ___)| |_)| | | | | || (_| |  ) ) ) )
  '  |____| .__|_| |_|_| |_\__, | / / / /
 =========|_|==============|___/=/_/_/_/
 :: Spring Boot ::                (v2.4.1)

2023-02-13 15:19:57.471  INFO 19205 --- [    Test worker] c.m.b.s.d.posts.PostsRepositoryTest      : Starting PostsRepositoryTest using Java 1.8.0_361 on Mong-MacBookPro.local with PID 19205 (started by mong in /Users/mong/Desktop/springboot2withaws)
2023-02-13 15:19:57.471  INFO 19205 --- [    Test worker] c.m.b.s.d.posts.PostsRepositoryTest      : No active profile set, falling back to default profiles: default
2023-02-13 15:19:57.606  INFO 19205 --- [    Test worker] .s.d.r.c.RepositoryConfigurationDelegate : Bootstrapping Spring Data JPA repositories in DEFAULT mode.
2023-02-13 15:19:57.619  INFO 19205 --- [    Test worker] .s.d.r.c.RepositoryConfigurationDelegate : Finished Spring Data repository scanning in 12 ms. Found 2 JPA repository interfaces.
2023-02-13 15:19:57.749  INFO 19205 --- [    Test worker] com.zaxxer.hikari.HikariDataSource       : HikariPool-2 - Starting...
2023-02-13 15:19:57.751  INFO 19205 --- [    Test worker] com.zaxxer.hikari.HikariDataSource       : HikariPool-2 - Start completed.
2023-02-13 15:19:57.762  INFO 19205 --- [    Test worker] o.hibernate.jpa.internal.util.LogHelper  : HHH000204: Processing PersistenceUnitInfo [name: default]
2023-02-13 15:19:57.765  INFO 19205 --- [    Test worker] org.hibernate.dialect.Dialect            : HHH000400: Using dialect: org.hibernate.dialect.H2Dialect
2023-02-13 15:19:57.799  INFO 19205 --- [    Test worker] o.h.e.t.j.p.i.JtaPlatformInitiator       : HHH000490: Using JtaPlatform implementation: [org.hibernate.engine.transaction.jta.platform.internal.NoJtaPlatform]
2023-02-13 15:19:57.800  INFO 19205 --- [    Test worker] j.LocalContainerEntityManagerFactoryBean : Initialized JPA EntityManagerFactory for persistence unit 'default'
2023-02-13 15:19:57.875  WARN 19205 --- [    Test worker] JpaBaseConfiguration$JpaWebConfiguration : spring.jpa.open-in-view is enabled by default. Therefore, database queries may be performed during view rendering. Explicitly configure spring.jpa.open-in-view to disable this warning
2023-02-13 15:19:57.994  INFO 19205 --- [    Test worker] o.s.s.web.DefaultSecurityFilterChain     : Will secure any request with [org.springframework.security.web.context.request.async.WebAsyncManagerIntegrationFilter@57308512, org.springframework.security.web.context.SecurityContextPersistenceFilter@e3ac9e7, org.springframework.security.web.header.HeaderWriterFilter@770c6b69, org.springframework.security.web.authentication.logout.LogoutFilter@34590efc, org.springframework.security.oauth2.client.web.OAuth2AuthorizationRequestRedirectFilter@2cf4df4e, org.springframework.security.oauth2.client.web.OAuth2LoginAuthenticationFilter@5bd1e2c4, org.springframework.security.web.authentication.ui.DefaultLoginPageGeneratingFilter@75364844, org.springframework.security.web.authentication.ui.DefaultLogoutPageGeneratingFilter@2eaaacbb, org.springframework.security.web.savedrequest.RequestCacheAwareFilter@6f8ecab9, org.springframework.security.web.servletapi.SecurityContextHolderAwareRequestFilter@7bcdb302, org.springframework.security.web.authentication.AnonymousAuthenticationFilter@242e188f, org.springframework.security.web.session.SessionManagementFilter@697cf13e, org.springframework.security.web.access.ExceptionTranslationFilter@1cefa74e, org.springframework.security.web.access.intercept.FilterSecurityInterceptor@40a7289f]
2023-02-13 15:19:58.105  INFO 19205 --- [    Test worker] o.s.s.concurrent.ThreadPoolTaskExecutor  : Initializing ExecutorService 'applicationTaskExecutor'
2023-02-13 15:19:58.128  INFO 19205 --- [    Test worker] o.s.b.a.w.s.WelcomePageHandlerMapping    : Adding welcome page template: index
2023-02-13 15:19:58.318  INFO 19205 --- [    Test worker] s.a.ScheduledAnnotationBeanPostProcessor : No TaskScheduler/ScheduledExecutorService bean found for scheduled processing
2023-02-13 15:19:58.319  INFO 19205 --- [    Test worker] c.m.b.s.d.posts.PostsRepositoryTest      : Started PostsRepositoryTest in 0.862 seconds (JVM running for 7.873)
posts.getCreatedDate() = 2023-02-13T15:19:58.341
posts.getModifiedDate() = 2023-02-13T15:19:58.341
]]></system-out>
  <system-err><![CDATA[]]></system-err>
</testsuite>
