<?xml version="1.0" encoding="UTF-8"?>
<testsuite name="com.mong.book.springboot.web.PostsApiControllerTest" tests="2" skipped="0" failures="0" errors="0" timestamp="2023-02-13T06:19:57" hostname="Mong-MacBookPro.local" time="0.151">
  <properties/>
  <testcase name="Posts_등록()" classname="com.mong.book.springboot.web.PostsApiControllerTest" time="0.13"/>
  <testcase name="Posts_수정()" classname="com.mong.book.springboot.web.PostsApiControllerTest" time="0.02"/>
  <system-out><![CDATA[2023-02-13 15:19:57.289  INFO 19205 --- [    Test worker] .b.t.c.SpringBootTestContextBootstrapper : Neither @ContextConfiguration nor @ContextHierarchy found for test class [com.mong.book.springboot.web.PostsApiControllerTest], using SpringBootContextLoader
2023-02-13 15:19:57.290  INFO 19205 --- [    Test worker] o.s.t.c.support.AbstractContextLoader    : Could not detect default resource locations for test class [com.mong.book.springboot.web.PostsApiControllerTest]: no resource found for suffixes {-context.xml, Context.groovy}.
2023-02-13 15:19:57.290  INFO 19205 --- [    Test worker] t.c.s.AnnotationConfigContextLoaderUtils : Could not detect default configuration classes for test class [com.mong.book.springboot.web.PostsApiControllerTest]: PostsApiControllerTest does not declare any static, non-private, non-final, nested classes annotated with @Configuration.
2023-02-13 15:19:57.292  INFO 19205 --- [    Test worker] .b.t.c.SpringBootTestContextBootstrapper : Found @SpringBootConfiguration com.mong.book.springboot.Application for test class com.mong.book.springboot.web.PostsApiControllerTest
2023-02-13 15:19:57.293  INFO 19205 --- [    Test worker] .b.t.c.SpringBootTestContextBootstrapper : Loaded default TestExecutionListener class names from location [META-INF/spring.factories]: [org.springframework.security.test.context.support.WithSecurityContextTestExecutionListener, org.springframework.security.test.context.support.ReactorContextTestExecutionListener, org.springframework.boot.test.autoconfigure.restdocs.RestDocsTestExecutionListener, org.springframework.boot.test.autoconfigure.web.client.MockRestServiceServerResetTestExecutionListener, org.springframework.boot.test.autoconfigure.web.servlet.MockMvcPrintOnlyOnFailureTestExecutionListener, org.springframework.boot.test.autoconfigure.web.servlet.WebDriverTestExecutionListener, org.springframework.boot.test.autoconfigure.webservices.client.MockWebServiceServerTestExecutionListener, org.springframework.boot.test.mock.mockito.MockitoTestExecutionListener, org.springframework.boot.test.mock.mockito.ResetMocksTestExecutionListener, org.springframework.test.context.web.ServletTestExecutionListener, org.springframework.test.context.support.DirtiesContextBeforeModesTestExecutionListener, org.springframework.test.context.support.DependencyInjectionTestExecutionListener, org.springframework.test.context.support.DirtiesContextTestExecutionListener, org.springframework.test.context.transaction.TransactionalTestExecutionListener, org.springframework.test.context.jdbc.SqlScriptsTestExecutionListener, org.springframework.test.context.event.EventPublishingTestExecutionListener]
2023-02-13 15:19:57.294  INFO 19205 --- [    Test worker] .b.t.c.SpringBootTestContextBootstrapper : Using TestExecutionListeners: [org.springframework.test.context.web.ServletTestExecutionListener@3eac80a0, org.springframework.test.context.support.DirtiesContextBeforeModesTestExecutionListener@465397da, org.springframework.boot.test.mock.mockito.MockitoTestExecutionListener@65e3a274, org.springframework.boot.test.autoconfigure.SpringBootDependencyInjectionTestExecutionListener@1d3cc85e, org.springframework.test.context.support.DirtiesContextTestExecutionListener@47cfe2d9, org.springframework.test.context.transaction.TransactionalTestExecutionListener@1d7840bd, org.springframework.test.context.jdbc.SqlScriptsTestExecutionListener@65f0b164, org.springframework.security.test.context.support.WithSecurityContextTestExecutionListener@1e75fbbc, org.springframework.test.context.event.EventPublishingTestExecutionListener@26941b81, org.springframework.security.test.context.support.ReactorContextTestExecutionListener@7936da46, org.springframework.boot.test.autoconfigure.restdocs.RestDocsTestExecutionListener@19ad3f95, org.springframework.boot.test.autoconfigure.web.client.MockRestServiceServerResetTestExecutionListener@28349f07, org.springframework.boot.test.autoconfigure.web.servlet.MockMvcPrintOnlyOnFailureTestExecutionListener@2e7ad193, org.springframework.boot.test.autoconfigure.web.servlet.WebDriverTestExecutionListener@6151caf0, org.springframework.boot.test.autoconfigure.webservices.client.MockWebServiceServerTestExecutionListener@11f000d8, org.springframework.boot.test.mock.mockito.ResetMocksTestExecutionListener@1d307946]
2023-02-13 15:19:57.304  INFO 19205 --- [    Test worker] o.a.c.c.C.[Tomcat].[localhost].[/]       : Initializing Spring TestDispatcherServlet ''
2023-02-13 15:19:57.304  INFO 19205 --- [    Test worker] o.s.t.web.servlet.TestDispatcherServlet  : Initializing Servlet ''
2023-02-13 15:19:57.305  INFO 19205 --- [    Test worker] o.s.t.web.servlet.TestDispatcherServlet  : Completed initialization in 1 ms
2023-02-13 15:19:57.429  INFO 19205 --- [    Test worker] o.a.c.c.C.[Tomcat].[localhost].[/]       : Initializing Spring TestDispatcherServlet ''
2023-02-13 15:19:57.430  INFO 19205 --- [    Test worker] o.s.t.web.servlet.TestDispatcherServlet  : Initializing Servlet ''
2023-02-13 15:19:57.430  INFO 19205 --- [    Test worker] o.s.t.web.servlet.TestDispatcherServlet  : Completed initialization in 0 ms
]]></system-out>
  <system-err><![CDATA[]]></system-err>
</testsuite>
