<?xml version="1.0" encoding="UTF-8"?>
<testsuite name="com.mong.book.springboot.domain.posts.PostsRepositoryTest" tests="2" skipped="0" failures="0" errors="0" timestamp="2023-02-13T06:09:58" hostname="Mong-MacBookPro.local" time="0.032">
  <properties/>
  <testcase name="게시글저장_불러오기()" classname="com.mong.book.springboot.domain.posts.PostsRepositoryTest" time="0.019"/>
  <testcase name="BaseTimeEntity_등록()" classname="com.mong.book.springboot.domain.posts.PostsRepositoryTest" time="0.013"/>
  <system-out><![CDATA[2023-02-13 15:09:57.407  INFO 18956 --- [    Test worker] .b.t.c.SpringBootTestContextBootstrapper : Neither @ContextConfiguration nor @ContextHierarchy found for test class [com.mong.book.springboot.domain.posts.PostsRepositoryTest], using SpringBootContextLoader
2023-02-13 15:09:57.408  INFO 18956 --- [    Test worker] o.s.t.c.support.AbstractContextLoader    : Could not detect default resource locations for test class [com.mong.book.springboot.domain.posts.PostsRepositoryTest]: no resource found for suffixes {-context.xml, Context.groovy}.
2023-02-13 15:09:57.408  INFO 18956 --- [    Test worker] t.c.s.AnnotationConfigContextLoaderUtils : Could not detect default configuration classes for test class [com.mong.book.springboot.domain.posts.PostsRepositoryTest]: PostsRepositoryTest does not declare any static, non-private, non-final, nested classes annotated with @Configuration.
2023-02-13 15:09:57.413  INFO 18956 --- [    Test worker] .b.t.c.SpringBootTestContextBootstrapper : Found @SpringBootConfiguration com.mong.book.springboot.Application for test class com.mong.book.springboot.domain.posts.PostsRepositoryTest
2023-02-13 15:09:57.414  INFO 18956 --- [    Test worker] .b.t.c.SpringBootTestContextBootstrapper : Loaded default TestExecutionListener class names from location [META-INF/spring.factories]: [org.springframework.security.test.context.support.WithSecurityContextTestExecutionListener, org.springframework.security.test.context.support.ReactorContextTestExecutionListener, org.springframework.boot.test.autoconfigure.restdocs.RestDocsTestExecutionListener, org.springframework.boot.test.autoconfigure.web.client.MockRestServiceServerResetTestExecutionListener, org.springframework.boot.test.autoconfigure.web.servlet.MockMvcPrintOnlyOnFailureTestExecutionListener, org.springframework.boot.test.autoconfigure.web.servlet.WebDriverTestExecutionListener, org.springframework.boot.test.autoconfigure.webservices.client.MockWebServiceServerTestExecutionListener, org.springframework.boot.test.mock.mockito.MockitoTestExecutionListener, org.springframework.boot.test.mock.mockito.ResetMocksTestExecutionListener, org.springframework.test.context.web.ServletTestExecutionListener, org.springframework.test.context.support.DirtiesContextBeforeModesTestExecutionListener, org.springframework.test.context.support.DependencyInjectionTestExecutionListener, org.springframework.test.context.support.DirtiesContextTestExecutionListener, org.springframework.test.context.transaction.TransactionalTestExecutionListener, org.springframework.test.context.jdbc.SqlScriptsTestExecutionListener, org.springframework.test.context.event.EventPublishingTestExecutionListener]
2023-02-13 15:09:57.415  INFO 18956 --- [    Test worker] .b.t.c.SpringBootTestContextBootstrapper : Using TestExecutionListeners: [org.springframework.test.context.web.ServletTestExecutionListener@2e71a709, org.springframework.test.context.support.DirtiesContextBeforeModesTestExecutionListener@59b1304d, org.springframework.boot.test.mock.mockito.MockitoTestExecutionListener@74780917, org.springframework.boot.test.autoconfigure.SpringBootDependencyInjectionTestExecutionListener@18f5e962, org.springframework.test.context.support.DirtiesContextTestExecutionListener@3b1f4c9a, org.springframework.test.context.transaction.TransactionalTestExecutionListener@6bfc30ec, org.springframework.test.context.jdbc.SqlScriptsTestExecutionListener@5ff8bc35, org.springframework.security.test.context.support.WithSecurityContextTestExecutionListener@68f1f051, org.springframework.test.context.event.EventPublishingTestExecutionListener@29cb0a49, org.springframework.security.test.context.support.ReactorContextTestExecutionListener@233a34cc, org.springframework.boot.test.autoconfigure.restdocs.RestDocsTestExecutionListener@39b93d8a, org.springframework.boot.test.autoconfigure.web.client.MockRestServiceServerResetTestExecutionListener@5ead2194, org.springframework.boot.test.autoconfigure.web.servlet.MockMvcPrintOnlyOnFailureTestExecutionListener@2fc5e14a, org.springframework.boot.test.autoconfigure.web.servlet.WebDriverTestExecutionListener@5dab2c2a, org.springframework.boot.test.autoconfigure.webservices.client.MockWebServiceServerTestExecutionListener@2d8e0f78, org.springframework.boot.test.mock.mockito.ResetMocksTestExecutionListener@1a983adc]

  .   ____          _            __ _ _
 /\\ / ___'_ __ _ _(_)_ __  __ _ \ \ \ \
( ( )\___ | '_ | '_| | '_ \/ _` | \ \ \ \
 \\/  ___)| |_)| | | | | || (_| |  ) ) ) )
  '  |____| .__|_| |_|_| |_\__, | / / / /
 =========|_|==============|___/=/_/_/_/
 :: Spring Boot ::                (v2.4.1)

2023-02-13 15:09:57.430  INFO 18956 --- [    Test worker] c.m.b.s.d.posts.PostsRepositoryTest      : Starting PostsRepositoryTest using Java 1.8.0_361 on Mong-MacBookPro.local with PID 18956 (started by mong in /Users/mong/Desktop/springboot2withaws)
2023-02-13 15:09:57.430  INFO 18956 --- [    Test worker] c.m.b.s.d.posts.PostsRepositoryTest      : No active profile set, falling back to default profiles: default
2023-02-13 15:09:57.562  INFO 18956 --- [    Test worker] .s.d.r.c.RepositoryConfigurationDelegate : Bootstrapping Spring Data JPA repositories in DEFAULT mode.
2023-02-13 15:09:57.573  INFO 18956 --- [    Test worker] .s.d.r.c.RepositoryConfigurationDelegate : Finished Spring Data repository scanning in 10 ms. Found 2 JPA repository interfaces.
2023-02-13 15:09:57.668  INFO 18956 --- [    Test worker] com.zaxxer.hikari.HikariDataSource       : HikariPool-2 - Starting...
2023-02-13 15:09:57.671  INFO 18956 --- [    Test worker] com.zaxxer.hikari.HikariDataSource       : HikariPool-2 - Start completed.
2023-02-13 15:09:57.684  INFO 18956 --- [    Test worker] o.hibernate.jpa.internal.util.LogHelper  : HHH000204: Processing PersistenceUnitInfo [name: default]
2023-02-13 15:09:57.687  INFO 18956 --- [    Test worker] org.hibernate.dialect.Dialect            : HHH000400: Using dialect: org.hibernate.dialect.H2Dialect
2023-02-13 15:09:57.725  INFO 18956 --- [    Test worker] o.h.e.t.j.p.i.JtaPlatformInitiator       : HHH000490: Using JtaPlatform implementation: [org.hibernate.engine.transaction.jta.platform.internal.NoJtaPlatform]
2023-02-13 15:09:57.725  INFO 18956 --- [    Test worker] j.LocalContainerEntityManagerFactoryBean : Initialized JPA EntityManagerFactory for persistence unit 'default'
2023-02-13 15:09:57.799  WARN 18956 --- [    Test worker] JpaBaseConfiguration$JpaWebConfiguration : spring.jpa.open-in-view is enabled by default. Therefore, database queries may be performed during view rendering. Explicitly configure spring.jpa.open-in-view to disable this warning
2023-02-13 15:09:57.915  INFO 18956 --- [    Test worker] o.s.s.web.DefaultSecurityFilterChain     : Will secure any request with [org.springframework.security.web.context.request.async.WebAsyncManagerIntegrationFilter@50eae5e5, org.springframework.security.web.context.SecurityContextPersistenceFilter@5fefee2, org.springframework.security.web.header.HeaderWriterFilter@1fc7995, org.springframework.security.web.authentication.logout.LogoutFilter@2181ccaa, org.springframework.security.oauth2.client.web.OAuth2AuthorizationRequestRedirectFilter@747ad89d, org.springframework.security.oauth2.client.web.OAuth2LoginAuthenticationFilter@198a3cbd, org.springframework.security.web.authentication.ui.DefaultLoginPageGeneratingFilter@7d5d209c, org.springframework.security.web.authentication.ui.DefaultLogoutPageGeneratingFilter@2d1d876d, org.springframework.security.web.savedrequest.RequestCacheAwareFilter@5cae44f9, org.springframework.security.web.servletapi.SecurityContextHolderAwareRequestFilter@3e7cae28, org.springframework.security.web.authentication.AnonymousAuthenticationFilter@f811c63, org.springframework.security.web.session.SessionManagementFilter@103a7b00, org.springframework.security.web.access.ExceptionTranslationFilter@71551b87, org.springframework.security.web.access.intercept.FilterSecurityInterceptor@13dddaf7]
2023-02-13 15:09:58.021  INFO 18956 --- [    Test worker] o.s.s.concurrent.ThreadPoolTaskExecutor  : Initializing ExecutorService 'applicationTaskExecutor'
2023-02-13 15:09:58.047  INFO 18956 --- [    Test worker] o.s.b.a.w.s.WelcomePageHandlerMapping    : Adding welcome page template: index
2023-02-13 15:09:58.246  INFO 18956 --- [    Test worker] s.a.ScheduledAnnotationBeanPostProcessor : No TaskScheduler/ScheduledExecutorService bean found for scheduled processing
2023-02-13 15:09:58.248  INFO 18956 --- [    Test worker] c.m.b.s.d.posts.PostsRepositoryTest      : Started PostsRepositoryTest in 0.831 seconds (JVM running for 7.411)
posts.getCreatedDate() = 2023-02-13T15:09:58.272
posts.getModifiedDate() = 2023-02-13T15:09:58.272
]]></system-out>
  <system-err><![CDATA[]]></system-err>
</testsuite>
