<?xml version="1.0" encoding="UTF-8"?>
<testsuite name="com.mong.book.springboot.web.PostsApiControllerTest" tests="2" skipped="0" failures="0" errors="0" timestamp="2023-02-13T06:09:57" hostname="Mong-MacBookPro.local" time="0.14">
  <properties/>
  <testcase name="Posts_등록()" classname="com.mong.book.springboot.web.PostsApiControllerTest" time="0.121"/>
  <testcase name="Posts_수정()" classname="com.mong.book.springboot.web.PostsApiControllerTest" time="0.018"/>
  <system-out><![CDATA[2023-02-13 15:09:57.257  INFO 18956 --- [    Test worker] .b.t.c.SpringBootTestContextBootstrapper : Neither @ContextConfiguration nor @ContextHierarchy found for test class [com.mong.book.springboot.web.PostsApiControllerTest], using SpringBootContextLoader
2023-02-13 15:09:57.258  INFO 18956 --- [    Test worker] o.s.t.c.support.AbstractContextLoader    : Could not detect default resource locations for test class [com.mong.book.springboot.web.PostsApiControllerTest]: no resource found for suffixes {-context.xml, Context.groovy}.
2023-02-13 15:09:57.258  INFO 18956 --- [    Test worker] t.c.s.AnnotationConfigContextLoaderUtils : Could not detect default configuration classes for test class [com.mong.book.springboot.web.PostsApiControllerTest]: PostsApiControllerTest does not declare any static, non-private, non-final, nested classes annotated with @Configuration.
2023-02-13 15:09:57.260  INFO 18956 --- [    Test worker] .b.t.c.SpringBootTestContextBootstrapper : Found @SpringBootConfiguration com.mong.book.springboot.Application for test class com.mong.book.springboot.web.PostsApiControllerTest
2023-02-13 15:09:57.261  INFO 18956 --- [    Test worker] .b.t.c.SpringBootTestContextBootstrapper : Loaded default TestExecutionListener class names from location [META-INF/spring.factories]: [org.springframework.security.test.context.support.WithSecurityContextTestExecutionListener, org.springframework.security.test.context.support.ReactorContextTestExecutionListener, org.springframework.boot.test.autoconfigure.restdocs.RestDocsTestExecutionListener, org.springframework.boot.test.autoconfigure.web.client.MockRestServiceServerResetTestExecutionListener, org.springframework.boot.test.autoconfigure.web.servlet.MockMvcPrintOnlyOnFailureTestExecutionListener, org.springframework.boot.test.autoconfigure.web.servlet.WebDriverTestExecutionListener, org.springframework.boot.test.autoconfigure.webservices.client.MockWebServiceServerTestExecutionListener, org.springframework.boot.test.mock.mockito.MockitoTestExecutionListener, org.springframework.boot.test.mock.mockito.ResetMocksTestExecutionListener, org.springframework.test.context.web.ServletTestExecutionListener, org.springframework.test.context.support.DirtiesContextBeforeModesTestExecutionListener, org.springframework.test.context.support.DependencyInjectionTestExecutionListener, org.springframework.test.context.support.DirtiesContextTestExecutionListener, org.springframework.test.context.transaction.TransactionalTestExecutionListener, org.springframework.test.context.jdbc.SqlScriptsTestExecutionListener, org.springframework.test.context.event.EventPublishingTestExecutionListener]
2023-02-13 15:09:57.261  INFO 18956 --- [    Test worker] .b.t.c.SpringBootTestContextBootstrapper : Using TestExecutionListeners: [org.springframework.test.context.web.ServletTestExecutionListener@22901062, org.springframework.test.context.support.DirtiesContextBeforeModesTestExecutionListener@46e02615, org.springframework.boot.test.mock.mockito.MockitoTestExecutionListener@76cac0bf, org.springframework.boot.test.autoconfigure.SpringBootDependencyInjectionTestExecutionListener@39dae086, org.springframework.test.context.support.DirtiesContextTestExecutionListener@1bebf4df, org.springframework.test.context.transaction.TransactionalTestExecutionListener@5c7ca939, org.springframework.test.context.jdbc.SqlScriptsTestExecutionListener@7c935531, org.springframework.security.test.context.support.WithSecurityContextTestExecutionListener@12a354f5, org.springframework.test.context.event.EventPublishingTestExecutionListener@56aa0772, org.springframework.security.test.context.support.ReactorContextTestExecutionListener@6f2649ff, org.springframework.boot.test.autoconfigure.restdocs.RestDocsTestExecutionListener@9faa3f7, org.springframework.boot.test.autoconfigure.web.client.MockRestServiceServerResetTestExecutionListener@1764ac1, org.springframework.boot.test.autoconfigure.web.servlet.MockMvcPrintOnlyOnFailureTestExecutionListener@7614c0a, org.springframework.boot.test.autoconfigure.web.servlet.WebDriverTestExecutionListener@5a5584a8, org.springframework.boot.test.autoconfigure.webservices.client.MockWebServiceServerTestExecutionListener@6ec610e, org.springframework.boot.test.mock.mockito.ResetMocksTestExecutionListener@357f1350]
2023-02-13 15:09:57.270  INFO 18956 --- [    Test worker] o.a.c.c.C.[Tomcat].[localhost].[/]       : Initializing Spring TestDispatcherServlet ''
2023-02-13 15:09:57.270  INFO 18956 --- [    Test worker] o.s.t.web.servlet.TestDispatcherServlet  : Initializing Servlet ''
2023-02-13 15:09:57.271  INFO 18956 --- [    Test worker] o.s.t.web.servlet.TestDispatcherServlet  : Completed initialization in 1 ms
2023-02-13 15:09:57.389  INFO 18956 --- [    Test worker] o.a.c.c.C.[Tomcat].[localhost].[/]       : Initializing Spring TestDispatcherServlet ''
2023-02-13 15:09:57.389  INFO 18956 --- [    Test worker] o.s.t.web.servlet.TestDispatcherServlet  : Initializing Servlet ''
2023-02-13 15:09:57.390  INFO 18956 --- [    Test worker] o.s.t.web.servlet.TestDispatcherServlet  : Completed initialization in 1 ms
]]></system-out>
  <system-err><![CDATA[]]></system-err>
</testsuite>
