<?xml version="1.0" encoding="UTF-8"?>
<testsuite name="com.mong.book.springboot.web.IndexControllerTest" tests="1" skipped="0" failures="0" errors="0" timestamp="2023-02-13T06:19:57" hostname="Mong-MacBookPro.local" time="0.191">
  <properties/>
  <testcase name="메인페이지_로딩()" classname="com.mong.book.springboot.web.IndexControllerTest" time="0.191"/>
  <system-out><![CDATA[2023-02-13 15:19:53.798  INFO 19205 --- [    Test worker] .b.t.c.SpringBootTestContextBootstrapper : Neither @ContextConfiguration nor @ContextHierarchy found for test class [com.mong.book.springboot.web.IndexControllerTest], using SpringBootContextLoader
2023-02-13 15:19:53.799  INFO 19205 --- [    Test worker] o.s.t.c.support.AbstractContextLoader    : Could not detect default resource locations for test class [com.mong.book.springboot.web.IndexControllerTest]: no resource found for suffixes {-context.xml, Context.groovy}.
2023-02-13 15:19:53.799  INFO 19205 --- [    Test worker] t.c.s.AnnotationConfigContextLoaderUtils : Could not detect default configuration classes for test class [com.mong.book.springboot.web.IndexControllerTest]: IndexControllerTest does not declare any static, non-private, non-final, nested classes annotated with @Configuration.
2023-02-13 15:19:53.802  INFO 19205 --- [    Test worker] .b.t.c.SpringBootTestContextBootstrapper : Found @SpringBootConfiguration com.mong.book.springboot.Application for test class com.mong.book.springboot.web.IndexControllerTest
2023-02-13 15:19:53.804  INFO 19205 --- [    Test worker] .b.t.c.SpringBootTestContextBootstrapper : Loaded default TestExecutionListener class names from location [META-INF/spring.factories]: [org.springframework.security.test.context.support.WithSecurityContextTestExecutionListener, org.springframework.security.test.context.support.ReactorContextTestExecutionListener, org.springframework.boot.test.autoconfigure.restdocs.RestDocsTestExecutionListener, org.springframework.boot.test.autoconfigure.web.client.MockRestServiceServerResetTestExecutionListener, org.springframework.boot.test.autoconfigure.web.servlet.MockMvcPrintOnlyOnFailureTestExecutionListener, org.springframework.boot.test.autoconfigure.web.servlet.WebDriverTestExecutionListener, org.springframework.boot.test.autoconfigure.webservices.client.MockWebServiceServerTestExecutionListener, org.springframework.boot.test.mock.mockito.MockitoTestExecutionListener, org.springframework.boot.test.mock.mockito.ResetMocksTestExecutionListener, org.springframework.test.context.web.ServletTestExecutionListener, org.springframework.test.context.support.DirtiesContextBeforeModesTestExecutionListener, org.springframework.test.context.support.DependencyInjectionTestExecutionListener, org.springframework.test.context.support.DirtiesContextTestExecutionListener, org.springframework.test.context.transaction.TransactionalTestExecutionListener, org.springframework.test.context.jdbc.SqlScriptsTestExecutionListener, org.springframework.test.context.event.EventPublishingTestExecutionListener]
2023-02-13 15:19:53.805  INFO 19205 --- [    Test worker] .b.t.c.SpringBootTestContextBootstrapper : Using TestExecutionListeners: [org.springframework.test.context.web.ServletTestExecutionListener@3dbad996, org.springframework.test.context.support.DirtiesContextBeforeModesTestExecutionListener@7fbf04aa, org.springframework.boot.test.mock.mockito.MockitoTestExecutionListener@767463a9, org.springframework.boot.test.autoconfigure.SpringBootDependencyInjectionTestExecutionListener@3de79367, org.springframework.test.context.support.DirtiesContextTestExecutionListener@567a9b24, org.springframework.test.context.transaction.TransactionalTestExecutionListener@51e75f15, org.springframework.test.context.jdbc.SqlScriptsTestExecutionListener@45b17ab, org.springframework.security.test.context.support.WithSecurityContextTestExecutionListener@5a6d0ec, org.springframework.test.context.event.EventPublishingTestExecutionListener@787c8c7, org.springframework.security.test.context.support.ReactorContextTestExecutionListener@6cf330d5, org.springframework.boot.test.autoconfigure.restdocs.RestDocsTestExecutionListener@304984af, org.springframework.boot.test.autoconfigure.web.client.MockRestServiceServerResetTestExecutionListener@35b03fa, org.springframework.boot.test.autoconfigure.web.servlet.MockMvcPrintOnlyOnFailureTestExecutionListener@3a2322a6, org.springframework.boot.test.autoconfigure.web.servlet.WebDriverTestExecutionListener@4f23c8af, org.springframework.boot.test.autoconfigure.webservices.client.MockWebServiceServerTestExecutionListener@33b35118, org.springframework.boot.test.mock.mockito.ResetMocksTestExecutionListener@68acd047]

  .   ____          _            __ _ _
 /\\ / ___'_ __ _ _(_)_ __  __ _ \ \ \ \
( ( )\___ | '_ | '_| | '_ \/ _` | \ \ \ \
 \\/  ___)| |_)| | | | | || (_| |  ) ) ) )
  '  |____| .__|_| |_|_| |_\__, | / / / /
 =========|_|==============|___/=/_/_/_/
 :: Spring Boot ::                (v2.4.1)

2023-02-13 15:19:53.827  INFO 19205 --- [    Test worker] c.m.b.s.web.IndexControllerTest          : Starting IndexControllerTest using Java 1.8.0_361 on Mong-MacBookPro.local with PID 19205 (started by mong in /Users/mong/Desktop/springboot2withaws)
2023-02-13 15:19:53.828  INFO 19205 --- [    Test worker] c.m.b.s.web.IndexControllerTest          : No active profile set, falling back to default profiles: default
2023-02-13 15:19:54.171  INFO 19205 --- [    Test worker] .s.d.r.c.RepositoryConfigurationDelegate : Bootstrapping Spring Data JPA repositories in DEFAULT mode.
2023-02-13 15:19:54.210  INFO 19205 --- [    Test worker] .s.d.r.c.RepositoryConfigurationDelegate : Finished Spring Data repository scanning in 34 ms. Found 2 JPA repository interfaces.
2023-02-13 15:19:54.554  INFO 19205 --- [    Test worker] o.s.b.w.embedded.tomcat.TomcatWebServer  : Tomcat initialized with port(s): 0 (http)
2023-02-13 15:19:54.563  INFO 19205 --- [    Test worker] o.apache.catalina.core.StandardService   : Starting service [Tomcat]
2023-02-13 15:19:54.564  INFO 19205 --- [    Test worker] org.apache.catalina.core.StandardEngine  : Starting Servlet engine: [Apache Tomcat/9.0.41]
2023-02-13 15:19:54.635  INFO 19205 --- [    Test worker] o.a.c.c.C.[Tomcat].[localhost].[/]       : Initializing Spring embedded WebApplicationContext
2023-02-13 15:19:54.635  INFO 19205 --- [    Test worker] w.s.c.ServletWebServerApplicationContext : Root WebApplicationContext: initialization completed in 805 ms
2023-02-13 15:19:54.847  INFO 19205 --- [    Test worker] com.zaxxer.hikari.HikariDataSource       : HikariPool-1 - Starting...
2023-02-13 15:19:55.021  INFO 19205 --- [    Test worker] com.zaxxer.hikari.HikariDataSource       : HikariPool-1 - Start completed.
2023-02-13 15:19:55.093  INFO 19205 --- [    Test worker] o.hibernate.jpa.internal.util.LogHelper  : HHH000204: Processing PersistenceUnitInfo [name: default]
2023-02-13 15:19:55.146  INFO 19205 --- [    Test worker] org.hibernate.Version                    : HHH000412: Hibernate ORM core version 5.4.25.Final
2023-02-13 15:19:55.192  INFO 19205 --- [    Test worker] o.hibernate.annotations.common.Version   : HCANN000001: Hibernate Commons Annotations {5.1.2.Final}
2023-02-13 15:19:55.312  INFO 19205 --- [    Test worker] org.hibernate.dialect.Dialect            : HHH000400: Using dialect: org.hibernate.dialect.H2Dialect
2023-02-13 15:19:55.962  INFO 19205 --- [    Test worker] o.h.e.t.j.p.i.JtaPlatformInitiator       : HHH000490: Using JtaPlatform implementation: [org.hibernate.engine.transaction.jta.platform.internal.NoJtaPlatform]
2023-02-13 15:19:55.969  INFO 19205 --- [    Test worker] j.LocalContainerEntityManagerFactoryBean : Initialized JPA EntityManagerFactory for persistence unit 'default'
2023-02-13 15:19:56.426  WARN 19205 --- [    Test worker] JpaBaseConfiguration$JpaWebConfiguration : spring.jpa.open-in-view is enabled by default. Therefore, database queries may be performed during view rendering. Explicitly configure spring.jpa.open-in-view to disable this warning
2023-02-13 15:19:56.710  INFO 19205 --- [    Test worker] o.s.s.web.DefaultSecurityFilterChain     : Will secure any request with [org.springframework.security.web.context.request.async.WebAsyncManagerIntegrationFilter@5c11237a, org.springframework.security.web.context.SecurityContextPersistenceFilter@2c9d963b, org.springframework.security.web.header.HeaderWriterFilter@36b0a31c, org.springframework.security.web.authentication.logout.LogoutFilter@194086c7, org.springframework.security.oauth2.client.web.OAuth2AuthorizationRequestRedirectFilter@46b0ccb5, org.springframework.security.oauth2.client.web.OAuth2LoginAuthenticationFilter@4c59721a, org.springframework.security.web.authentication.ui.DefaultLoginPageGeneratingFilter@6841ae1, org.springframework.security.web.authentication.ui.DefaultLogoutPageGeneratingFilter@6fb7f396, org.springframework.security.web.savedrequest.RequestCacheAwareFilter@143969df, org.springframework.security.web.servletapi.SecurityContextHolderAwareRequestFilter@27229007, org.springframework.security.web.authentication.AnonymousAuthenticationFilter@2fa24fb1, org.springframework.security.web.session.SessionManagementFilter@5b0f510b, org.springframework.security.web.access.ExceptionTranslationFilter@7b686e91, org.springframework.security.web.access.intercept.FilterSecurityInterceptor@11e44e20]
2023-02-13 15:19:56.803  INFO 19205 --- [    Test worker] o.s.s.concurrent.ThreadPoolTaskExecutor  : Initializing ExecutorService 'applicationTaskExecutor'
2023-02-13 15:19:56.836  INFO 19205 --- [    Test worker] o.s.b.a.w.s.WelcomePageHandlerMapping    : Adding welcome page template: index
2023-02-13 15:19:57.070  INFO 19205 --- [    Test worker] o.s.b.w.embedded.tomcat.TomcatWebServer  : Tomcat started on port(s): 57823 (http) with context path ''
2023-02-13 15:19:57.081  INFO 19205 --- [    Test worker] s.a.ScheduledAnnotationBeanPostProcessor : No TaskScheduler/ScheduledExecutorService bean found for scheduled processing
2023-02-13 15:19:57.089  INFO 19205 --- [    Test worker] c.m.b.s.web.IndexControllerTest          : Started IndexControllerTest in 3.281 seconds (JVM running for 6.642)
2023-02-13 15:19:57.195  INFO 19205 --- [o-auto-1-exec-1] o.a.c.c.C.[Tomcat].[localhost].[/]       : Initializing Spring DispatcherServlet 'dispatcherServlet'
2023-02-13 15:19:57.195  INFO 19205 --- [o-auto-1-exec-1] o.s.web.servlet.DispatcherServlet        : Initializing Servlet 'dispatcherServlet'
2023-02-13 15:19:57.196  INFO 19205 --- [o-auto-1-exec-1] o.s.web.servlet.DispatcherServlet        : Completed initialization in 1 ms
body = <!DOCTYPE HTML>
<html>
<head>
    <title>스프링부트 웹서비스</title>
    <meta http-equiv="Content-Type" content="text/html; charset=UTF-8" />

    <link rel="stylesheet" href="https://stackpath.bootstrapcdn.com/bootstrap/4.3.1/css/bootstrap.min.css">
</head>
<body>

<h1>스프링부트로 시작하는 웹 서비스 Ver.2</h1>
<div class="col-md-12">
    <div class="row">
        <div class="col-md-6">
            <a href="/posts/save" role="button" class="btn btn-primary">글 등록</a>
                <a href="/oauth2/authorization/google" class="btn btn-success active" role="button">Google Login</a>
                <a href="/oauth2/authorization/naver" class="btn btn-secondary active" role="button">Naver Login</a>
        </div>
    </div>
    <br>
    <!-- 목록 출력 영역 -->
    <table class="table table-horizontal table-bordered">
        <thead class="thead-strong">
        <tr>
            <th>게시글번호</th>
            <th>제목</th>
            <th>작성자</th>
            <th>최종수정일</th>
        </tr>
        </thead>
        <tbody id="tbody">
        </tbody>
    </table>
</div>

<script src="https://code.jquery.com/jquery-3.3.1.min.js"></script>
<script src="https://stackpath.bootstrapcdn.com/bootstrap/4.3.1/js/bootstrap.min.js"></script>

<!--index.js 추가-->
<script src="/js/app/index.js"></script>
</body>
</html>
]]></system-out>
  <system-err><![CDATA[]]></system-err>
</testsuite>
