<?xml version="1.0" encoding="UTF-8"?>
<testsuite name="com.mong.book.springboot.domain.posts.PostsRepositoryTest" tests="2" skipped="0" failures="0" errors="0" timestamp="2023-02-13T04:52:25" hostname="Mong-MacBookPro.local" time="0.192">
  <properties/>
  <testcase name="게시글저장_불러오기" classname="com.mong.book.springboot.domain.posts.PostsRepositoryTest" time="0.185"/>
  <testcase name="BaseTimeEntity_등록" classname="com.mong.book.springboot.domain.posts.PostsRepositoryTest" time="0.007"/>
  <system-out><![CDATA[13:52:21.322 [Test worker] DEBUG org.springframework.test.context.junit4.SpringJUnit4ClassRunner - SpringJUnit4ClassRunner constructor called with [class com.mong.book.springboot.domain.posts.PostsRepositoryTest]
13:52:21.329 [Test worker] DEBUG org.springframework.test.context.BootstrapUtils - Instantiating CacheAwareContextLoaderDelegate from class [org.springframework.test.context.cache.DefaultCacheAwareContextLoaderDelegate]
13:52:21.335 [Test worker] DEBUG org.springframework.test.context.BootstrapUtils - Instantiating BootstrapContext using constructor [public org.springframework.test.context.support.DefaultBootstrapContext(java.lang.Class,org.springframework.test.context.CacheAwareContextLoaderDelegate)]
13:52:21.350 [Test worker] DEBUG org.springframework.test.context.BootstrapUtils - Instantiating TestContextBootstrapper for test class [com.mong.book.springboot.domain.posts.PostsRepositoryTest] from class [org.springframework.boot.test.context.SpringBootTestContextBootstrapper]
13:52:21.360 [Test worker] INFO org.springframework.boot.test.context.SpringBootTestContextBootstrapper - Neither @ContextConfiguration nor @ContextHierarchy found for test class [com.mong.book.springboot.domain.posts.PostsRepositoryTest], using SpringBootContextLoader
13:52:21.363 [Test worker] DEBUG org.springframework.test.context.support.AbstractContextLoader - Did not detect default resource location for test class [com.mong.book.springboot.domain.posts.PostsRepositoryTest]: class path resource [com/mong/book/springboot/domain/posts/PostsRepositoryTest-context.xml] does not exist
13:52:21.363 [Test worker] DEBUG org.springframework.test.context.support.AbstractContextLoader - Did not detect default resource location for test class [com.mong.book.springboot.domain.posts.PostsRepositoryTest]: class path resource [com/mong/book/springboot/domain/posts/PostsRepositoryTestContext.groovy] does not exist
13:52:21.363 [Test worker] INFO org.springframework.test.context.support.AbstractContextLoader - Could not detect default resource locations for test class [com.mong.book.springboot.domain.posts.PostsRepositoryTest]: no resource found for suffixes {-context.xml, Context.groovy}.
13:52:21.364 [Test worker] INFO org.springframework.test.context.support.AnnotationConfigContextLoaderUtils - Could not detect default configuration classes for test class [com.mong.book.springboot.domain.posts.PostsRepositoryTest]: PostsRepositoryTest does not declare any static, non-private, non-final, nested classes annotated with @Configuration.
13:52:21.397 [Test worker] DEBUG org.springframework.test.context.support.ActiveProfilesUtils - Could not find an 'annotation declaring class' for annotation type [org.springframework.test.context.ActiveProfiles] and class [com.mong.book.springboot.domain.posts.PostsRepositoryTest]
13:52:21.452 [Test worker] DEBUG org.springframework.context.annotation.ClassPathScanningCandidateComponentProvider - Identified candidate component class: file [/Users/mong/Desktop/springboot2withaws/build/classes/java/main/com/mong/book/springboot/Application.class]
13:52:21.452 [Test worker] INFO org.springframework.boot.test.context.SpringBootTestContextBootstrapper - Found @SpringBootConfiguration com.mong.book.springboot.Application for test class com.mong.book.springboot.domain.posts.PostsRepositoryTest
13:52:21.535 [Test worker] DEBUG org.springframework.boot.test.context.SpringBootTestContextBootstrapper - @TestExecutionListeners is not present for class [com.mong.book.springboot.domain.posts.PostsRepositoryTest]: using defaults.
13:52:21.536 [Test worker] INFO org.springframework.boot.test.context.SpringBootTestContextBootstrapper - Loaded default TestExecutionListener class names from location [META-INF/spring.factories]: [org.springframework.security.test.context.support.WithSecurityContextTestExecutionListener, org.springframework.security.test.context.support.ReactorContextTestExecutionListener, org.springframework.boot.test.autoconfigure.restdocs.RestDocsTestExecutionListener, org.springframework.boot.test.autoconfigure.web.client.MockRestServiceServerResetTestExecutionListener, org.springframework.boot.test.autoconfigure.web.servlet.MockMvcPrintOnlyOnFailureTestExecutionListener, org.springframework.boot.test.autoconfigure.web.servlet.WebDriverTestExecutionListener, org.springframework.boot.test.mock.mockito.MockitoTestExecutionListener, org.springframework.boot.test.mock.mockito.ResetMocksTestExecutionListener, org.springframework.test.context.web.ServletTestExecutionListener, org.springframework.test.context.support.DirtiesContextBeforeModesTestExecutionListener, org.springframework.test.context.support.DependencyInjectionTestExecutionListener, org.springframework.test.context.support.DirtiesContextTestExecutionListener, org.springframework.test.context.transaction.TransactionalTestExecutionListener, org.springframework.test.context.jdbc.SqlScriptsTestExecutionListener]
13:52:21.552 [Test worker] INFO org.springframework.boot.test.context.SpringBootTestContextBootstrapper - Using TestExecutionListeners: [org.springframework.test.context.web.ServletTestExecutionListener@1c37fbb1, org.springframework.test.context.support.DirtiesContextBeforeModesTestExecutionListener@78ddda69, org.springframework.boot.test.mock.mockito.MockitoTestExecutionListener@2d8cc189, org.springframework.boot.test.autoconfigure.SpringBootDependencyInjectionTestExecutionListener@4466c108, org.springframework.test.context.support.DirtiesContextTestExecutionListener@67af5046, org.springframework.test.context.transaction.TransactionalTestExecutionListener@7137c048, org.springframework.test.context.jdbc.SqlScriptsTestExecutionListener@3a7cd76e, org.springframework.security.test.context.support.WithSecurityContextTestExecutionListener@48603fa8, org.springframework.security.test.context.support.ReactorContextTestExecutionListener@55507b82, org.springframework.boot.test.autoconfigure.restdocs.RestDocsTestExecutionListener@1a2ac4e0, org.springframework.boot.test.autoconfigure.web.client.MockRestServiceServerResetTestExecutionListener@4631a76c, org.springframework.boot.test.autoconfigure.web.servlet.MockMvcPrintOnlyOnFailureTestExecutionListener@fe55d7d, org.springframework.boot.test.autoconfigure.web.servlet.WebDriverTestExecutionListener@59bfab68, org.springframework.boot.test.mock.mockito.ResetMocksTestExecutionListener@15fe697b]
13:52:21.555 [Test worker] DEBUG org.springframework.test.annotation.ProfileValueUtils - Retrieved @ProfileValueSourceConfiguration [null] for test class [com.mong.book.springboot.domain.posts.PostsRepositoryTest]
13:52:21.555 [Test worker] DEBUG org.springframework.test.annotation.ProfileValueUtils - Retrieved ProfileValueSource type [class org.springframework.test.annotation.SystemProfileValueSource] for class [com.mong.book.springboot.domain.posts.PostsRepositoryTest]
13:52:21.557 [Test worker] DEBUG org.springframework.test.annotation.ProfileValueUtils - Retrieved @ProfileValueSourceConfiguration [null] for test class [com.mong.book.springboot.domain.posts.PostsRepositoryTest]
13:52:21.557 [Test worker] DEBUG org.springframework.test.annotation.ProfileValueUtils - Retrieved ProfileValueSource type [class org.springframework.test.annotation.SystemProfileValueSource] for class [com.mong.book.springboot.domain.posts.PostsRepositoryTest]
13:52:21.557 [Test worker] DEBUG org.springframework.test.annotation.ProfileValueUtils - Retrieved @ProfileValueSourceConfiguration [null] for test class [com.mong.book.springboot.domain.posts.PostsRepositoryTest]
13:52:21.557 [Test worker] DEBUG org.springframework.test.annotation.ProfileValueUtils - Retrieved ProfileValueSource type [class org.springframework.test.annotation.SystemProfileValueSource] for class [com.mong.book.springboot.domain.posts.PostsRepositoryTest]
13:52:21.560 [Test worker] DEBUG org.springframework.test.context.support.AbstractDirtiesContextTestExecutionListener - Before test class: context [DefaultTestContext@7822dc95 testClass = PostsRepositoryTest, testInstance = [null], testMethod = [null], testException = [null], mergedContextConfiguration = [WebMergedContextConfiguration@48093da3 testClass = PostsRepositoryTest, locations = '{}', classes = '{class com.mong.book.springboot.Application}', contextInitializerClasses = '[]', activeProfiles = '{}', propertySourceLocations = '{}', propertySourceProperties = '{org.springframework.boot.test.context.SpringBootTestContextBootstrapper=true}', contextCustomizers = set[org.springframework.boot.test.autoconfigure.properties.PropertyMappingContextCustomizer@0, org.springframework.boot.test.autoconfigure.web.servlet.WebDriverContextCustomizerFactory$Customizer@159ec0ea, org.springframework.boot.test.context.filter.ExcludeFilterContextCustomizer@6ae2fc37, org.springframework.boot.test.json.DuplicateJsonObjectContextCustomizerFactory$DuplicateJsonObjectContextCustomizer@1dbaec6b, org.springframework.boot.test.mock.mockito.MockitoContextCustomizer@0, org.springframework.boot.test.web.client.TestRestTemplateContextCustomizer@4d7b9961], resourceBasePath = 'src/main/webapp', contextLoader = 'org.springframework.boot.test.context.SpringBootContextLoader', parent = [null]], attributes = map['org.springframework.test.context.web.ServletTestExecutionListener.activateListener' -> true]], class annotated with @DirtiesContext [false] with mode [null].
13:52:21.560 [Test worker] DEBUG org.springframework.test.annotation.ProfileValueUtils - Retrieved @ProfileValueSourceConfiguration [null] for test class [com.mong.book.springboot.domain.posts.PostsRepositoryTest]
13:52:21.561 [Test worker] DEBUG org.springframework.test.annotation.ProfileValueUtils - Retrieved ProfileValueSource type [class org.springframework.test.annotation.SystemProfileValueSource] for class [com.mong.book.springboot.domain.posts.PostsRepositoryTest]
13:52:21.575 [Test worker] DEBUG org.springframework.test.context.support.TestPropertySourceUtils - Adding inlined properties to environment: {spring.jmx.enabled=false, org.springframework.boot.test.context.SpringBootTestContextBootstrapper=true, server.port=-1}

  .   ____          _            __ _ _
 /\\ / ___'_ __ _ _(_)_ __  __ _ \ \ \ \
( ( )\___ | '_ | '_| | '_ \/ _` | \ \ \ \
 \\/  ___)| |_)| | | | | || (_| |  ) ) ) )
  '  |____| .__|_| |_|_| |_\__, | / / / /
 =========|_|==============|___/=/_/_/_/
 :: Spring Boot ::        (v2.1.9.RELEASE)

2023-02-13 13:52:21.885  INFO 17642 --- [    Test worker] c.m.b.s.d.posts.PostsRepositoryTest      : Starting PostsRepositoryTest on Mong-MacBookPro.local with PID 17642 (started by mong in /Users/mong/Desktop/springboot2withaws)
2023-02-13 13:52:21.886  INFO 17642 --- [    Test worker] c.m.b.s.d.posts.PostsRepositoryTest      : No active profile set, falling back to default profiles: default
2023-02-13 13:52:22.395  INFO 17642 --- [    Test worker] .s.d.r.c.RepositoryConfigurationDelegate : Bootstrapping Spring Data repositories in DEFAULT mode.
2023-02-13 13:52:22.451  INFO 17642 --- [    Test worker] .s.d.r.c.RepositoryConfigurationDelegate : Finished Spring Data repository scanning in 49ms. Found 2 repository interfaces.
2023-02-13 13:52:22.828  INFO 17642 --- [    Test worker] trationDelegate$BeanPostProcessorChecker : Bean 'org.springframework.transaction.annotation.ProxyTransactionManagementConfiguration' of type [org.springframework.transaction.annotation.ProxyTransactionManagementConfiguration$$EnhancerBySpringCGLIB$$1e6de03a] is not eligible for getting processed by all BeanPostProcessors (for example: not eligible for auto-proxying)
2023-02-13 13:52:22.999  INFO 17642 --- [    Test worker] com.zaxxer.hikari.HikariDataSource       : HikariPool-1 - Starting...
2023-02-13 13:52:23.123  INFO 17642 --- [    Test worker] com.zaxxer.hikari.HikariDataSource       : HikariPool-1 - Start completed.
2023-02-13 13:52:23.187  INFO 17642 --- [    Test worker] o.hibernate.jpa.internal.util.LogHelper  : HHH000204: Processing PersistenceUnitInfo [
	name: default
	...]
2023-02-13 13:52:23.236  INFO 17642 --- [    Test worker] org.hibernate.Version                    : HHH000412: Hibernate Core {5.3.12.Final}
2023-02-13 13:52:23.237  INFO 17642 --- [    Test worker] org.hibernate.cfg.Environment            : HHH000206: hibernate.properties not found
2023-02-13 13:52:23.351  INFO 17642 --- [    Test worker] o.hibernate.annotations.common.Version   : HCANN000001: Hibernate Commons Annotations {5.0.4.Final}
2023-02-13 13:52:23.465  INFO 17642 --- [    Test worker] org.hibernate.dialect.Dialect            : HHH000400: Using dialect: org.hibernate.dialect.H2Dialect
2023-02-13 13:52:24.059  INFO 17642 --- [    Test worker] o.h.t.schema.internal.SchemaCreatorImpl  : HHH000476: Executing import script 'org.hibernate.tool.schema.internal.exec.ScriptSourceInputNonExistentImpl@749f3072'
2023-02-13 13:52:24.061  INFO 17642 --- [    Test worker] j.LocalContainerEntityManagerFactoryBean : Initialized JPA EntityManagerFactory for persistence unit 'default'
2023-02-13 13:52:24.478  INFO 17642 --- [    Test worker] o.h.h.i.QueryTranslatorFactoryInitiator  : HHH000397: Using ASTQueryTranslatorFactory
2023-02-13 13:52:24.899  INFO 17642 --- [    Test worker] o.s.s.web.DefaultSecurityFilterChain     : Creating filter chain: any request, [org.springframework.security.web.context.request.async.WebAsyncManagerIntegrationFilter@228f4cea, org.springframework.security.web.context.SecurityContextPersistenceFilter@31a26ed1, org.springframework.security.web.header.HeaderWriterFilter@dbf5a05, org.springframework.security.web.authentication.logout.LogoutFilter@36d99596, org.springframework.security.oauth2.client.web.OAuth2AuthorizationRequestRedirectFilter@7d4c59e3, org.springframework.security.oauth2.client.web.OAuth2LoginAuthenticationFilter@3ff37711, org.springframework.security.web.authentication.ui.DefaultLoginPageGeneratingFilter@7a3137d7, org.springframework.security.web.authentication.ui.DefaultLogoutPageGeneratingFilter@496e9aa4, org.springframework.security.web.savedrequest.RequestCacheAwareFilter@6067a0f, org.springframework.security.web.servletapi.SecurityContextHolderAwareRequestFilter@30cea526, org.springframework.security.web.authentication.AnonymousAuthenticationFilter@4df300b7, org.springframework.security.web.session.SessionManagementFilter@4da2c952, org.springframework.security.web.access.ExceptionTranslationFilter@78dd676e, org.springframework.security.web.access.intercept.FilterSecurityInterceptor@1672793]
2023-02-13 13:52:25.263  INFO 17642 --- [    Test worker] o.s.s.concurrent.ThreadPoolTaskExecutor  : Initializing ExecutorService 'applicationTaskExecutor'
2023-02-13 13:52:25.305  WARN 17642 --- [    Test worker] aWebConfiguration$JpaWebMvcConfiguration : spring.jpa.open-in-view is enabled by default. Therefore, database queries may be performed during view rendering. Explicitly configure spring.jpa.open-in-view to disable this warning
2023-02-13 13:52:25.350  INFO 17642 --- [    Test worker] o.s.b.a.w.s.WelcomePageHandlerMapping    : Adding welcome page template: index
2023-02-13 13:52:25.734  INFO 17642 --- [    Test worker] s.a.ScheduledAnnotationBeanPostProcessor : No TaskScheduler/ScheduledExecutorService bean found for scheduled processing
2023-02-13 13:52:25.741  INFO 17642 --- [    Test worker] c.m.b.s.d.posts.PostsRepositoryTest      : Started PostsRepositoryTest in 4.16 seconds (JVM running for 4.891)
posts.getCreatedDate() = 2023-02-13T13:52:25.942
posts.getModifiedDate() = 2023-02-13T13:52:25.942
]]></system-out>
  <system-err><![CDATA[]]></system-err>
</testsuite>
