<?xml version="1.0" encoding="UTF-8"?>
<testsuite name="com.mong.book.springboot.web.HelloControllerTest" tests="2" skipped="0" failures="0" errors="0" timestamp="2023-02-13T06:09:53" hostname="Mong-MacBookPro.local" time="0.251">
  <properties/>
  <testcase name="hello가_리턴되다()" classname="com.mong.book.springboot.web.HelloControllerTest" time="0.185"/>
  <testcase name="helloDto가_리턴된다()" classname="com.mong.book.springboot.web.HelloControllerTest" time="0.065"/>
  <system-out><![CDATA[15:09:51.585 [Test worker] DEBUG org.springframework.test.context.BootstrapUtils - Instantiating CacheAwareContextLoaderDelegate from class [org.springframework.test.context.cache.DefaultCacheAwareContextLoaderDelegate]
15:09:51.596 [Test worker] DEBUG org.springframework.test.context.BootstrapUtils - Instantiating BootstrapContext using constructor [public org.springframework.test.context.support.DefaultBootstrapContext(java.lang.Class,org.springframework.test.context.CacheAwareContextLoaderDelegate)]
15:09:51.640 [Test worker] DEBUG org.springframework.test.context.BootstrapUtils - Instantiating TestContextBootstrapper for test class [com.mong.book.springboot.web.HelloControllerTest] from class [org.springframework.boot.test.autoconfigure.web.servlet.WebMvcTestContextBootstrapper]
15:09:51.650 [Test worker] INFO org.springframework.boot.test.autoconfigure.web.servlet.WebMvcTestContextBootstrapper - Neither @ContextConfiguration nor @ContextHierarchy found for test class [com.mong.book.springboot.web.HelloControllerTest], using SpringBootContextLoader
15:09:51.653 [Test worker] DEBUG org.springframework.test.context.support.AbstractContextLoader - Did not detect default resource location for test class [com.mong.book.springboot.web.HelloControllerTest]: class path resource [com/mong/book/springboot/web/HelloControllerTest-context.xml] does not exist
15:09:51.653 [Test worker] DEBUG org.springframework.test.context.support.AbstractContextLoader - Did not detect default resource location for test class [com.mong.book.springboot.web.HelloControllerTest]: class path resource [com/mong/book/springboot/web/HelloControllerTestContext.groovy] does not exist
15:09:51.654 [Test worker] INFO org.springframework.test.context.support.AbstractContextLoader - Could not detect default resource locations for test class [com.mong.book.springboot.web.HelloControllerTest]: no resource found for suffixes {-context.xml, Context.groovy}.
15:09:51.654 [Test worker] INFO org.springframework.test.context.support.AnnotationConfigContextLoaderUtils - Could not detect default configuration classes for test class [com.mong.book.springboot.web.HelloControllerTest]: HelloControllerTest does not declare any static, non-private, non-final, nested classes annotated with @Configuration.
15:09:51.715 [Test worker] DEBUG org.springframework.test.context.support.ActiveProfilesUtils - Could not find an 'annotation declaring class' for annotation type [org.springframework.test.context.ActiveProfiles] and class [com.mong.book.springboot.web.HelloControllerTest]
15:09:51.770 [Test worker] DEBUG org.springframework.context.annotation.ClassPathScanningCandidateComponentProvider - Identified candidate component class: file [/Users/mong/Desktop/springboot2withaws/build/classes/java/main/com/mong/book/springboot/Application.class]
15:09:51.770 [Test worker] INFO org.springframework.boot.test.context.SpringBootTestContextBootstrapper - Found @SpringBootConfiguration com.mong.book.springboot.Application for test class com.mong.book.springboot.web.HelloControllerTest
15:09:51.773 [Test worker] DEBUG org.springframework.boot.test.autoconfigure.web.servlet.WebMvcTestContextBootstrapper - @TestExecutionListeners is not present for class [com.mong.book.springboot.web.HelloControllerTest]: using defaults.
15:09:51.773 [Test worker] INFO org.springframework.boot.test.autoconfigure.web.servlet.WebMvcTestContextBootstrapper - Loaded default TestExecutionListener class names from location [META-INF/spring.factories]: [org.springframework.security.test.context.support.WithSecurityContextTestExecutionListener, org.springframework.security.test.context.support.ReactorContextTestExecutionListener, org.springframework.boot.test.autoconfigure.restdocs.RestDocsTestExecutionListener, org.springframework.boot.test.autoconfigure.web.client.MockRestServiceServerResetTestExecutionListener, org.springframework.boot.test.autoconfigure.web.servlet.MockMvcPrintOnlyOnFailureTestExecutionListener, org.springframework.boot.test.autoconfigure.web.servlet.WebDriverTestExecutionListener, org.springframework.boot.test.autoconfigure.webservices.client.MockWebServiceServerTestExecutionListener, org.springframework.boot.test.mock.mockito.MockitoTestExecutionListener, org.springframework.boot.test.mock.mockito.ResetMocksTestExecutionListener, org.springframework.test.context.web.ServletTestExecutionListener, org.springframework.test.context.support.DirtiesContextBeforeModesTestExecutionListener, org.springframework.test.context.support.DependencyInjectionTestExecutionListener, org.springframework.test.context.support.DirtiesContextTestExecutionListener, org.springframework.test.context.transaction.TransactionalTestExecutionListener, org.springframework.test.context.jdbc.SqlScriptsTestExecutionListener, org.springframework.test.context.event.EventPublishingTestExecutionListener]
15:09:51.787 [Test worker] INFO org.springframework.boot.test.autoconfigure.web.servlet.WebMvcTestContextBootstrapper - Using TestExecutionListeners: [org.springframework.test.context.web.ServletTestExecutionListener@82bf7bb, org.springframework.test.context.support.DirtiesContextBeforeModesTestExecutionListener@762ea62e, org.springframework.boot.test.mock.mockito.MockitoTestExecutionListener@64078c36, org.springframework.boot.test.autoconfigure.SpringBootDependencyInjectionTestExecutionListener@75cc2098, org.springframework.test.context.support.DirtiesContextTestExecutionListener@228d97b5, org.springframework.test.context.transaction.TransactionalTestExecutionListener@21114a1c, org.springframework.test.context.jdbc.SqlScriptsTestExecutionListener@792f1434, org.springframework.security.test.context.support.WithSecurityContextTestExecutionListener@6df33369, org.springframework.test.context.event.EventPublishingTestExecutionListener@230d315d, org.springframework.security.test.context.support.ReactorContextTestExecutionListener@8e7ce8a, org.springframework.boot.test.autoconfigure.restdocs.RestDocsTestExecutionListener@968f516, org.springframework.boot.test.autoconfigure.web.client.MockRestServiceServerResetTestExecutionListener@7df4e729, org.springframework.boot.test.autoconfigure.web.servlet.MockMvcPrintOnlyOnFailureTestExecutionListener@37b9a613, org.springframework.boot.test.autoconfigure.web.servlet.WebDriverTestExecutionListener@11cadf0, org.springframework.boot.test.autoconfigure.webservices.client.MockWebServiceServerTestExecutionListener@4f922880, org.springframework.boot.test.mock.mockito.ResetMocksTestExecutionListener@150543f4]
15:09:51.790 [Test worker] DEBUG org.springframework.test.context.support.AbstractDirtiesContextTestExecutionListener - Before test class: context [DefaultTestContext@35238eed testClass = HelloControllerTest, testInstance = [null], testMethod = [null], testException = [null], mergedContextConfiguration = [WebMergedContextConfiguration@60134b26 testClass = HelloControllerTest, locations = '{}', classes = '{class com.mong.book.springboot.Application}', contextInitializerClasses = '[]', activeProfiles = '{}', propertySourceLocations = '{}', propertySourceProperties = '{org.springframework.boot.test.autoconfigure.web.servlet.WebMvcTestContextBootstrapper=true}', contextCustomizers = set[org.springframework.boot.test.autoconfigure.OverrideAutoConfigurationContextCustomizerFactory$DisableAutoConfigurationContextCustomizer@41a58dc0, org.springframework.boot.test.autoconfigure.actuate.metrics.MetricsExportContextCustomizerFactory$DisableMetricExportContextCustomizer@781e0e63, org.springframework.boot.test.autoconfigure.filter.TypeExcludeFiltersContextCustomizer@e0d65c15, org.springframework.boot.test.autoconfigure.properties.PropertyMappingContextCustomizer@3eb5d60c, org.springframework.boot.test.autoconfigure.web.servlet.WebDriverContextCustomizerFactory$Customizer@b17954b, [ImportsContextCustomizer@12010fae key = [org.springframework.boot.autoconfigure.cache.CacheAutoConfiguration, org.springframework.boot.autoconfigure.context.MessageSourceAutoConfiguration, org.springframework.boot.autoconfigure.data.web.SpringDataWebAutoConfiguration, org.springframework.boot.autoconfigure.freemarker.FreeMarkerAutoConfiguration, org.springframework.boot.autoconfigure.groovy.template.GroovyTemplateAutoConfiguration, org.springframework.boot.autoconfigure.gson.GsonAutoConfiguration, org.springframework.boot.autoconfigure.hateoas.HypermediaAutoConfiguration, org.springframework.boot.autoconfigure.http.HttpMessageConvertersAutoConfiguration, org.springframework.boot.autoconfigure.jackson.JacksonAutoConfiguration, org.springframework.boot.autoconfigure.jsonb.JsonbAutoConfiguration, org.springframework.boot.autoconfigure.mustache.MustacheAutoConfiguration, org.springframework.boot.autoconfigure.task.TaskExecutionAutoConfiguration, org.springframework.boot.autoconfigure.thymeleaf.ThymeleafAutoConfiguration, org.springframework.boot.autoconfigure.validation.ValidationAutoConfiguration, org.springframework.boot.autoconfigure.web.servlet.error.ErrorMvcAutoConfiguration, org.springframework.boot.autoconfigure.web.servlet.HttpEncodingAutoConfiguration, org.springframework.boot.autoconfigure.web.servlet.WebMvcAutoConfiguration, org.springframework.boot.test.autoconfigure.web.servlet.MockMvcAutoConfiguration, org.springframework.boot.test.autoconfigure.web.servlet.MockMvcWebClientAutoConfiguration, org.springframework.boot.test.autoconfigure.web.servlet.MockMvcWebDriverAutoConfiguration, org.springframework.boot.autoconfigure.security.oauth2.client.servlet.OAuth2ClientAutoConfiguration, org.springframework.boot.autoconfigure.security.oauth2.resource.servlet.OAuth2ResourceServerAutoConfiguration, org.springframework.boot.autoconfigure.security.servlet.SecurityAutoConfiguration, org.springframework.boot.autoconfigure.security.servlet.SecurityFilterAutoConfiguration, org.springframework.boot.autoconfigure.security.servlet.UserDetailsServiceAutoConfiguration, org.springframework.boot.test.autoconfigure.web.servlet.MockMvcSecurityConfiguration]], org.springframework.boot.test.context.filter.ExcludeFilterContextCustomizer@193db031, org.springframework.boot.test.json.DuplicateJsonObjectContextCustomizerFactory$DuplicateJsonObjectContextCustomizer@65bfb761, org.springframework.boot.test.mock.mockito.MockitoContextCustomizer@0, org.springframework.boot.test.context.SpringBootTestArgs@1, org.springframework.boot.test.context.SpringBootTestWebEnvironment@0], resourceBasePath = 'src/main/webapp', contextLoader = 'org.springframework.boot.test.context.SpringBootContextLoader', parent = [null]], attributes = map[[empty]]], class annotated with @DirtiesContext [false] with mode [null].
15:09:51.794 [Test worker] DEBUG org.springframework.test.context.support.DependencyInjectionTestExecutionListener - Performing dependency injection for test context [[DefaultTestContext@35238eed testClass = HelloControllerTest, testInstance = com.mong.book.springboot.web.HelloControllerTest@e0c6def, testMethod = [null], testException = [null], mergedContextConfiguration = [WebMergedContextConfiguration@60134b26 testClass = HelloControllerTest, locations = '{}', classes = '{class com.mong.book.springboot.Application}', contextInitializerClasses = '[]', activeProfiles = '{}', propertySourceLocations = '{}', propertySourceProperties = '{org.springframework.boot.test.autoconfigure.web.servlet.WebMvcTestContextBootstrapper=true}', contextCustomizers = set[org.springframework.boot.test.autoconfigure.OverrideAutoConfigurationContextCustomizerFactory$DisableAutoConfigurationContextCustomizer@41a58dc0, org.springframework.boot.test.autoconfigure.actuate.metrics.MetricsExportContextCustomizerFactory$DisableMetricExportContextCustomizer@781e0e63, org.springframework.boot.test.autoconfigure.filter.TypeExcludeFiltersContextCustomizer@e0d65c15, org.springframework.boot.test.autoconfigure.properties.PropertyMappingContextCustomizer@3eb5d60c, org.springframework.boot.test.autoconfigure.web.servlet.WebDriverContextCustomizerFactory$Customizer@b17954b, [ImportsContextCustomizer@12010fae key = [org.springframework.boot.autoconfigure.cache.CacheAutoConfiguration, org.springframework.boot.autoconfigure.context.MessageSourceAutoConfiguration, org.springframework.boot.autoconfigure.data.web.SpringDataWebAutoConfiguration, org.springframework.boot.autoconfigure.freemarker.FreeMarkerAutoConfiguration, org.springframework.boot.autoconfigure.groovy.template.GroovyTemplateAutoConfiguration, org.springframework.boot.autoconfigure.gson.GsonAutoConfiguration, org.springframework.boot.autoconfigure.hateoas.HypermediaAutoConfiguration, org.springframework.boot.autoconfigure.http.HttpMessageConvertersAutoConfiguration, org.springframework.boot.autoconfigure.jackson.JacksonAutoConfiguration, org.springframework.boot.autoconfigure.jsonb.JsonbAutoConfiguration, org.springframework.boot.autoconfigure.mustache.MustacheAutoConfiguration, org.springframework.boot.autoconfigure.task.TaskExecutionAutoConfiguration, org.springframework.boot.autoconfigure.thymeleaf.ThymeleafAutoConfiguration, org.springframework.boot.autoconfigure.validation.ValidationAutoConfiguration, org.springframework.boot.autoconfigure.web.servlet.error.ErrorMvcAutoConfiguration, org.springframework.boot.autoconfigure.web.servlet.HttpEncodingAutoConfiguration, org.springframework.boot.autoconfigure.web.servlet.WebMvcAutoConfiguration, org.springframework.boot.test.autoconfigure.web.servlet.MockMvcAutoConfiguration, org.springframework.boot.test.autoconfigure.web.servlet.MockMvcWebClientAutoConfiguration, org.springframework.boot.test.autoconfigure.web.servlet.MockMvcWebDriverAutoConfiguration, org.springframework.boot.autoconfigure.security.oauth2.client.servlet.OAuth2ClientAutoConfiguration, org.springframework.boot.autoconfigure.security.oauth2.resource.servlet.OAuth2ResourceServerAutoConfiguration, org.springframework.boot.autoconfigure.security.servlet.SecurityAutoConfiguration, org.springframework.boot.autoconfigure.security.servlet.SecurityFilterAutoConfiguration, org.springframework.boot.autoconfigure.security.servlet.UserDetailsServiceAutoConfiguration, org.springframework.boot.test.autoconfigure.web.servlet.MockMvcSecurityConfiguration]], org.springframework.boot.test.context.filter.ExcludeFilterContextCustomizer@193db031, org.springframework.boot.test.json.DuplicateJsonObjectContextCustomizerFactory$DuplicateJsonObjectContextCustomizer@65bfb761, org.springframework.boot.test.mock.mockito.MockitoContextCustomizer@0, org.springframework.boot.test.context.SpringBootTestArgs@1, org.springframework.boot.test.context.SpringBootTestWebEnvironment@0], resourceBasePath = 'src/main/webapp', contextLoader = 'org.springframework.boot.test.context.SpringBootContextLoader', parent = [null]], attributes = map[[empty]]]].
15:09:51.812 [Test worker] DEBUG org.springframework.test.context.support.TestPropertySourceUtils - Adding inlined properties to environment: {spring.jmx.enabled=false, org.springframework.boot.test.autoconfigure.web.servlet.WebMvcTestContextBootstrapper=true}

  .   ____          _            __ _ _
 /\\ / ___'_ __ _ _(_)_ __  __ _ \ \ \ \
( ( )\___ | '_ | '_| | '_ \/ _` | \ \ \ \
 \\/  ___)| |_)| | | | | || (_| |  ) ) ) )
  '  |____| .__|_| |_|_| |_\__, | / / / /
 =========|_|==============|___/=/_/_/_/
 :: Spring Boot ::                (v2.4.1)

2023-02-13 15:09:52.233  INFO 18956 --- [    Test worker] c.m.b.s.web.HelloControllerTest          : Starting HelloControllerTest using Java 1.8.0_361 on Mong-MacBookPro.local with PID 18956 (started by mong in /Users/mong/Desktop/springboot2withaws)
2023-02-13 15:09:52.235  INFO 18956 --- [    Test worker] c.m.b.s.web.HelloControllerTest          : No active profile set, falling back to default profiles: default
2023-02-13 15:09:53.087  INFO 18956 --- [    Test worker] o.s.s.concurrent.ThreadPoolTaskExecutor  : Initializing ExecutorService 'applicationTaskExecutor'
2023-02-13 15:09:53.170  INFO 18956 --- [    Test worker] o.s.b.a.w.s.WelcomePageHandlerMapping    : Adding welcome page template: index
2023-02-13 15:09:53.565  INFO 18956 --- [    Test worker] o.s.s.web.DefaultSecurityFilterChain     : Will secure any request with [org.springframework.security.web.context.request.async.WebAsyncManagerIntegrationFilter@64f0a9bb, org.springframework.security.web.context.SecurityContextPersistenceFilter@33a29098, org.springframework.security.web.header.HeaderWriterFilter@f7da375, org.springframework.security.web.csrf.CsrfFilter@40df6fd, org.springframework.security.web.authentication.logout.LogoutFilter@257edd0a, org.springframework.security.oauth2.client.web.OAuth2AuthorizationRequestRedirectFilter@68f7070b, org.springframework.security.oauth2.client.web.OAuth2AuthorizationRequestRedirectFilter@5ee744df, org.springframework.security.oauth2.client.web.OAuth2LoginAuthenticationFilter@61d0918b, org.springframework.security.web.authentication.ui.DefaultLoginPageGeneratingFilter@58edd34, org.springframework.security.web.authentication.ui.DefaultLogoutPageGeneratingFilter@30027700, org.springframework.security.web.savedrequest.RequestCacheAwareFilter@8420ec, org.springframework.security.web.servletapi.SecurityContextHolderAwareRequestFilter@72ae3976, org.springframework.security.web.authentication.AnonymousAuthenticationFilter@a497c2, org.springframework.security.oauth2.client.web.OAuth2AuthorizationCodeGrantFilter@f97f022, org.springframework.security.web.session.SessionManagementFilter@6dcc3a26, org.springframework.security.web.access.ExceptionTranslationFilter@2c474a9b, org.springframework.security.web.access.intercept.FilterSecurityInterceptor@5050c37c]
2023-02-13 15:09:53.645  INFO 18956 --- [    Test worker] o.s.b.t.m.w.SpringBootMockServletContext : Initializing Spring TestDispatcherServlet ''
2023-02-13 15:09:53.645  INFO 18956 --- [    Test worker] o.s.t.web.servlet.TestDispatcherServlet  : Initializing Servlet ''
2023-02-13 15:09:53.646  INFO 18956 --- [    Test worker] o.s.t.web.servlet.TestDispatcherServlet  : Completed initialization in 1 ms
2023-02-13 15:09:53.671  INFO 18956 --- [    Test worker] c.m.b.s.web.HelloControllerTest          : Started HelloControllerTest in 1.852 seconds (JVM running for 2.833)
]]></system-out>
  <system-err><![CDATA[]]></system-err>
</testsuite>
